This is XeTeX, Version 3.1415926-2.2-0.9997.4 (Web2C 2010) (format=xelatex 2011.5.10)  29 MAY 2016 00:42
entering extended mode
 restricted \write18 enabled.
 %&-line parsing enabled.
**book.tex
(./book.tex
LaTeX2e <2009/09/24>
Babel <v3.8l> and hyphenation patterns for english, dumylang, nohyphenation, ge
rman-x-2009-06-19, ngerman-x-2009-06-19, afrikaans, ancientgreek, ibycus, arabi
c, armenian, basque, bulgarian, catalan, pinyin, coptic, croatian, czech, danis
h, dutch, ukenglish, usenglishmax, esperanto, estonian, ethiopic, farsi, finnis
h, french, galician, german, ngerman, swissgerman, monogreek, greek, hungarian,
 icelandic, assamese, bengali, gujarati, hindi, kannada, malayalam, marathi, or
iya, panjabi, tamil, telugu, indonesian, interlingua, irish, italian, kurmanji,
 lao, latin, latvian, lithuanian, mongolian, mongolianlmc, bokmal, nynorsk, pol
ish, portuguese, romanian, russian, sanskrit, serbian, slovak, slovenian, spani
sh, swedish, turkish, turkmen, ukrainian, uppersorbian, welsh, loaded.

(c:/Users/Mozhdeh/Downloads/XePersian TeXLive Portable/texlive/texmf-dist/tex/l
atex/base/book.cls
Document Class: book 2007/10/19 v1.4h Standard LaTeX document class

(c:/Users/Mozhdeh/Downloads/XePersian TeXLive Portable/texlive/texmf-dist/tex/l
atex/base/bk10.clo
File: bk10.clo 2007/10/19 v1.4h Standard LaTeX file (size option)
)
\c@part=\count80
\c@chapter=\count81
\c@section=\count82
\c@subsection=\count83
\c@subsubsection=\count84
\c@paragraph=\count85
\c@subparagraph=\count86
\c@figure=\count87
\c@table=\count88
\abovecaptionskip=\skip41
\belowcaptionskip=\skip42
\bibindent=\dimen102
)
(c:/Users/Mozhdeh/Downloads/XePersian TeXLive Portable/texlive/texmf-dist/tex/l
atex/caption/caption.sty
Package: caption 2010/01/09 v3.1m Customizing captions (AR)

(c:/Users/Mozhdeh/Downloads/XePersian TeXLive Portable/texlive/texmf-dist/tex/l
atex/caption/caption3.sty
Package: caption3 2010/01/14 v3.1m caption3 kernel (AR)

(c:/Users/Mozhdeh/Downloads/XePersian TeXLive Portable/texlive/texmf-dist/tex/l
atex/graphics/keyval.sty
Package: keyval 1999/03/16 v1.13 key=value parser (DPC)
\KV@toks@=\toks14
)
\captionmargin=\dimen103
\captionmargin@=\dimen104
\captionwidth=\dimen105
\caption@indent=\dimen106
\caption@parindent=\dimen107
\caption@hangindent=\dimen108
)
\c@ContinuedFloat=\count89
)
(c:/Users/Mozhdeh/Downloads/XePersian TeXLive Portable/texlive/texmf-dist/tex/l
atex/float/float.sty
Package: float 2001/11/08 v1.3d Float enhancements (AL)
\c@float@type=\count90
\float@exts=\toks15
\float@box=\box26
\@float@everytoks=\toks16
\@floatcapt=\box27
)
(c:/Users/Mozhdeh/Downloads/XePersian TeXLive Portable/texlive/texmf-dist/tex/l
atex/listings/listings.sty
\lst@mode=\count91
\lst@gtempboxa=\box28
\lst@token=\toks17
\lst@length=\count92
\lst@currlwidth=\dimen109
\lst@column=\count93
\lst@pos=\count94
\lst@lostspace=\dimen110
\lst@width=\dimen111
\lst@newlines=\count95
\lst@lineno=\count96
\lst@maxwidth=\dimen112

(c:/Users/Mozhdeh/Downloads/XePersian TeXLive Portable/texlive/texmf-dist/tex/l
atex/listings/lstmisc.sty
File: lstmisc.sty 2007/02/22 1.4 (Carsten Heinz)
\c@lstnumber=\count97
\lst@skipnumbers=\count98
\lst@framebox=\box29
)
(c:/Users/Mozhdeh/Downloads/XePersian TeXLive Portable/texlive/texmf-dist/tex/l
atex/listings/listings.cfg
File: listings.cfg 2007/02/22 1.4 listings configuration
))
Package: listings 2007/02/22 1.4 (Carsten Heinz)

(c:/Users/Mozhdeh/Downloads/XePersian TeXLive Portable/texlive/texmf-dist/tex/l
atex/graphics/graphicx.sty
Package: graphicx 1999/02/16 v1.0f Enhanced LaTeX Graphics (DPC,SPQR)

(c:/Users/Mozhdeh/Downloads/XePersian TeXLive Portable/texlive/texmf-dist/tex/l
atex/graphics/graphics.sty
Package: graphics 2009/02/05 v1.0o Standard LaTeX Graphics (DPC,SPQR)

(c:/Users/Mozhdeh/Downloads/XePersian TeXLive Portable/texlive/texmf-dist/tex/l
atex/graphics/trig.sty
Package: trig 1999/03/16 v1.09 sin cos tan (DPC)
)
(c:/Users/Mozhdeh/Downloads/XePersian TeXLive Portable/texlive/texmf-dist/tex/l
atex/latexconfig/graphics.cfg
File: graphics.cfg 2010/04/23 v1.9 graphics configuration of TeX Live
)
Package graphics Info: Driver file: xetex.def on input line 91.

(c:/Users/Mozhdeh/Downloads/XePersian TeXLive Portable/texlive/texmf-dist/tex/x
elatex/xetex-def/xetex.def
File: xetex.def 2009/11/22 v0.94 LaTeX color/graphics driver for XeTeX (RRM/JK)

))
\Gin@req@height=\dimen113
\Gin@req@width=\dimen114
)
(c:/Users/Mozhdeh/Downloads/XePersian TeXLive Portable/texlive/texmf-dist/tex/l
atex/tools/multicol.sty
Package: multicol 2008/12/05 v1.6h multicolumn formatting (FMi)
\c@tracingmulticols=\count99
\mult@box=\box30
\multicol@leftmargin=\dimen115
\c@unbalance=\count100
\c@collectmore=\count101
\doublecol@number=\count102
\multicoltolerance=\count103
\multicolpretolerance=\count104
\full@width=\dimen116
\page@free=\dimen117
\premulticols=\dimen118
\postmulticols=\dimen119
\multicolsep=\skip43
\multicolbaselineskip=\skip44
\partial@page=\box31
\last@line=\box32
\mult@rightbox=\box33
\mult@grightbox=\box34
\mult@gfirstbox=\box35
\mult@firstbox=\box36
\@tempa=\box37
\@tempa=\box38
\@tempa=\box39
\@tempa=\box40
\@tempa=\box41
\@tempa=\box42
\@tempa=\box43
\@tempa=\box44
\@tempa=\box45
\@tempa=\box46
\@tempa=\box47
\@tempa=\box48
\@tempa=\box49
\@tempa=\box50
\@tempa=\box51
\@tempa=\box52
\@tempa=\box53
\c@columnbadness=\count105
\c@finalcolumnbadness=\count106
\last@try=\dimen120
\multicolovershoot=\dimen121
\multicolundershoot=\dimen122
\mult@nat@firstbox=\box54
\colbreak@box=\box55
)
(c:/Users/Mozhdeh/Downloads/XePersian TeXLive Portable/texlive/texmf-dist/tex/l
atex/footmisc/footmisc.sty
Package: footmisc 2009/09/15 v5.5a a miscellany of footnote facilities
\FN@temptoken=\toks18
\footnotemargin=\dimen123
\c@pp@next@reset=\count107
Package footmisc Info: Declaring symbol style bringhurst on input line 855.
Package footmisc Info: Declaring symbol style chicago on input line 863.
Package footmisc Info: Declaring symbol style wiley on input line 872.
Package footmisc Info: Declaring symbol style lamport-robust on input line 883.

Package footmisc Info: Declaring symbol style lamport* on input line 903.
Package footmisc Info: Declaring symbol style lamport*-robust on input line 924
.
)
(c:/Users/Mozhdeh/Downloads/XePersian TeXLive Portable/texlive/texmf-dist/tex/l
atex/appendix/appendix.sty
Package: appendix 2009/09/02 v1.2b extra appendix facilities
\c@@pps=\count108
\c@@ppsavesec=\count109
\c@@ppsaveapp=\count110
)
(c:/Users/Mozhdeh/Downloads/XePersian TeXLive Portable/texlive/texmf-dist/tex/l
atex/xcolor/xcolor.sty
Package: xcolor 2007/01/21 v2.11 LaTeX color extensions (UK)

(c:/Users/Mozhdeh/Downloads/XePersian TeXLive Portable/texlive/texmf-dist/tex/l
atex/latexconfig/color.cfg
File: color.cfg 2007/01/18 v1.5 color configuration of teTeX/TeXLive
)
Package xcolor Info: Driver file: xetex.def on input line 225.
Package xcolor Info: Model `cmy' substituted by `cmy0' on input line 1337.
Package xcolor Info: Model `RGB' extended on input line 1353.
Package xcolor Info: Model `HTML' substituted by `rgb' on input line 1355.
Package xcolor Info: Model `Hsb' substituted by `hsb' on input line 1356.
Package xcolor Info: Model `tHsb' substituted by `hsb' on input line 1357.
Package xcolor Info: Model `HSB' substituted by `hsb' on input line 1358.
Package xcolor Info: Model `Gray' substituted by `gray' on input line 1359.
Package xcolor Info: Model `wave' substituted by `hsb' on input line 1360.
)
(c:/Users/Mozhdeh/Downloads/XePersian TeXLive Portable/texlive/texmf-dist/tex/l
atex/colortbl/colortbl.sty
Package: colortbl 2001/02/13 v0.1j Color table columns (DPC)

(c:/Users/Mozhdeh/Downloads/XePersian TeXLive Portable/texlive/texmf-dist/tex/l
atex/tools/array.sty
Package: array 2008/09/09 v2.4c Tabular extension package (FMi)
\col@sep=\dimen124
\extrarowheight=\dimen125
\NC@list=\toks19
\extratabsurround=\skip45
\backup@length=\skip46
)
\everycr=\toks20
\minrowclearance=\skip47
)
(c:/Users/Mozhdeh/Downloads/XePersian TeXLive Portable/texlive/texmf-dist/tex/l
atex/fancyhdr/fancyhdr.sty
\fancy@headwidth=\skip48
\f@ncyO@elh=\skip49
\f@ncyO@erh=\skip50
\f@ncyO@olh=\skip51
\f@ncyO@orh=\skip52
\f@ncyO@elf=\skip53
\f@ncyO@erf=\skip54
\f@ncyO@olf=\skip55
\f@ncyO@orf=\skip56
)
(c:/Users/Mozhdeh/Downloads/XePersian TeXLive Portable/texlive/texmf-dist/tex/l
atex/geometry/geometry.sty
Package: geometry 2010/09/12 v5.6 Page Geometry

(c:/Users/Mozhdeh/Downloads/XePersian TeXLive Portable/texlive/texmf-dist/tex/g
eneric/oberdiek/ifpdf.sty
Package: ifpdf 2011/01/30 v2.3 Provides the ifpdf switch (HO)
Package ifpdf Info: pdfTeX in PDF mode is not detected.
)
(c:/Users/Mozhdeh/Downloads/XePersian TeXLive Portable/texlive/texmf-dist/tex/g
eneric/oberdiek/ifvtex.sty
Package: ifvtex 2010/03/01 v1.5 Switches for detecting VTeX and its modes (HO)
Package ifvtex Info: VTeX not detected.
)
(c:/Users/Mozhdeh/Downloads/XePersian TeXLive Portable/texlive/texmf-dist/tex/g
eneric/ifxetex/ifxetex.sty
Package: ifxetex 2010/09/12 v0.6 Provides ifxetex conditional
)
\Gm@cnth=\count111
\Gm@cntv=\count112
\c@Gm@tempcnt=\count113
\Gm@bindingoffset=\dimen126
\Gm@wd@mp=\dimen127
\Gm@odd@mp=\dimen128
\Gm@even@mp=\dimen129
\Gm@layoutwidth=\dimen130
\Gm@layoutheight=\dimen131
\Gm@layouthoffset=\dimen132
\Gm@layoutvoffset=\dimen133
\Gm@dimlist=\toks21
)
(c:/Users/Mozhdeh/Downloads/XePersian TeXLive Portable/texlive/texmf-dist/tex/l
atex/enumitem/enumitem.sty
Package: enumitem 2009/05/18 v2.2 Customized lists
\enit@toks=\toks22
\labelindent=\skip57
\enit@outerparindent=\dimen134
\enitdp@desc=\count114
)
(c:/Users/Mozhdeh/Downloads/XePersian TeXLive Portable/texlive/texmf-dist/tex/l
atex/tools/longtable.sty
Package: longtable 2004/02/01 v4.11 Multi-page Table package (DPC)
\LTleft=\skip58
\LTright=\skip59
\LTpre=\skip60
\LTpost=\skip61
\LTchunksize=\count115
\LTcapwidth=\dimen135
\LT@head=\box56
\LT@firsthead=\box57
\LT@foot=\box58
\LT@lastfoot=\box59
\LT@cols=\count116
\LT@rows=\count117
\c@LT@tables=\count118
\c@LT@chunks=\count119
\LT@p@ftn=\toks23
)
(c:/Users/Mozhdeh/Downloads/XePersian TeXLive Portable/texlive/texmf-dist/tex/l
atex/hyperref/hyperref.sty
Package: hyperref 2011/04/17 v6.82g Hypertext links for LaTeX

(c:/Users/Mozhdeh/Downloads/XePersian TeXLive Portable/texlive/texmf-dist/tex/g
eneric/oberdiek/hobsub-hyperref.sty
Package: hobsub-hyperref 2011/04/23 v1.4 Bundle oberdiek, subset hyperref (HO)

(c:/Users/Mozhdeh/Downloads/XePersian TeXLive Portable/texlive/texmf-dist/tex/g
eneric/oberdiek/hobsub-generic.sty
Package: hobsub-generic 2011/04/23 v1.4 Bundle oberdiek, subset generic (HO)
Package: hobsub 2011/04/23 v1.4 Subsetting bundle oberdiek (HO)
Package: infwarerr 2010/04/08 v1.3 Providing info/warning/message (HO)
Package: ltxcmds 2011/04/18 v1.20 LaTeX kernel commands for general use (HO)
Package: ifluatex 2010/03/01 v1.3 Provides the ifluatex switch (HO)
Package ifluatex Info: LuaTeX not detected.
Package hobsub Info: Skipping package `ifvtex' (already loaded).
Package: intcalc 2007/09/27 v1.1 Expandable integer calculations (HO)
Package hobsub Info: Skipping package `ifpdf' (already loaded).
Package: etexcmds 2011/02/16 v1.5 Prefix for e-TeX command names (HO)
Package etexcmds Info: Could not find \expanded.
(etexcmds)             That can mean that you are not using pdfTeX 1.50 or
(etexcmds)             that some package has redefined \expanded.
(etexcmds)             In the latter case, load this package earlier.
Package: kvsetkeys 2011/04/07 v1.13 Key value parser (HO)
Package: kvdefinekeys 2011/04/07 v1.3 Defining keys (HO)
Package: pdftexcmds 2011/04/22 v0.16 Utilities of pdfTeX for LuaTeX (HO)
Package pdftexcmds Info: LuaTeX not detected.
Package pdftexcmds Info: pdfTeX >= 1.30 not detected.
Package pdftexcmds Info: \pdf@primitive is available.
Package pdftexcmds Info: \pdf@ifprimitive is available.
Package pdftexcmds Info: \pdfdraftmode not found.
Package: pdfescape 2011/04/04 v1.12 Provides string conversions (HO)
Package: bigintcalc 2011/01/30 v1.2 Expandable big integer calculations (HO)
Package: bitset 2011/01/30 v1.1 Data type bit set (HO)
Package: uniquecounter 2011/01/30 v1.2 Provides unlimited unique counter (HO)
)
Package hobsub Info: Skipping package `hobsub' (already loaded).
Package: letltxmacro 2010/09/02 v1.4 Let assignment for LaTeX macros (HO)
Package: hopatch 2011/01/30 v1.0 Wrapper for package hooks (HO)
Package: xcolor-patch 2011/01/30 xcolor patch
Package: atveryend 2011/04/23 v1.7 Hooks at very end of document (HO)
Package atveryend Info: \enddocument detected (standard).
Package: atbegshi 2011/01/30 v1.15 At begin shipout hook (HO)
Package: refcount 2010/12/01 v3.2 Data extraction from references (HO)
Package: hycolor 2011/01/30 v1.7 Color options of hyperref/bookmark (HO)
)
(c:/Users/Mozhdeh/Downloads/XePersian TeXLive Portable/texlive/texmf-dist/tex/l
atex/oberdiek/kvoptions.sty
Package: kvoptions 2010/12/23 v3.10 Keyval support for LaTeX options (HO)
)
\@linkdim=\dimen136
\Hy@linkcounter=\count120
\Hy@pagecounter=\count121

(c:/Users/Mozhdeh/Downloads/XePersian TeXLive Portable/texlive/texmf-dist/tex/l
atex/hyperref/pd1enc.def
File: pd1enc.def 2011/04/17 v6.82g Hyperref: PDFDocEncoding definition (HO)
)
\Hy@SavedSpaceFactor=\count122

(c:/Users/Mozhdeh/Downloads/XePersian TeXLive Portable/texlive/texmf-dist/tex/x
elatex/xetexconfig/hyperref.cfg
File: hyperref.cfg 2008/07/11 v1.2 hyperref configuration for XeLaTeX
)
Package hyperref Info: Hyper figures OFF on input line 4026.
Package hyperref Info: Link nesting OFF on input line 4031.
Package hyperref Info: Hyper index ON on input line 4034.
Package hyperref Info: Plain pages OFF on input line 4041.
Package hyperref Info: Backreferencing OFF on input line 4046.
Package hyperref Info: Implicit mode ON; LaTeX internals redefined.
Package hyperref Info: Bookmarks ON on input line 4264.
\c@Hy@tempcnt=\count123

(c:/Users/Mozhdeh/Downloads/XePersian TeXLive Portable/texlive/texmf-dist/tex/l
atex/url/url.sty
\Urlmuskip=\muskip10
Package: url 2006/04/12  ver 3.3  Verb mode for urls, etc.
)
LaTeX Info: Redefining \url on input line 4617.
\Fld@menulength=\count124
\Field@Width=\dimen137
\Fld@charsize=\dimen138
Package hyperref Info: Hyper figures OFF on input line 5701.
Package hyperref Info: Link nesting OFF on input line 5706.
Package hyperref Info: Hyper index ON on input line 5709.
Package hyperref Info: backreferencing OFF on input line 5716.
Package hyperref Info: Link coloring OFF on input line 5721.
Package hyperref Info: Link coloring with OCG OFF on input line 5726.
Package hyperref Info: PDF/A mode OFF on input line 5731.
LaTeX Info: Redefining \ref on input line 5771.
LaTeX Info: Redefining \pageref on input line 5775.
\Hy@abspage=\count125
\c@Item=\count126
\c@Hfootnote=\count127
)

Package hyperref Message: Driver (autodetected): hxetex.


(c:/Users/Mozhdeh/Downloads/XePersian TeXLive Portable/texlive/texmf-dist/tex/l
atex/hyperref/hxetex.def
File: hxetex.def 2011/04/17 v6.82g Hyperref driver for XeTeX

(c:/Users/Mozhdeh/Downloads/XePersian TeXLive Portable/texlive/texmf-dist/tex/l
atex/hyperref/puenc.def
File: puenc.def 2011/04/17 v6.82g Hyperref: PDF Unicode definition (HO)
)
(c:/Users/Mozhdeh/Downloads/XePersian TeXLive Portable/texlive/texmf-dist/tex/g
eneric/oberdiek/stringenc.sty
Package: stringenc 2010/03/01 v1.8 Converts strings between encodings (HO)
)
\pdfm@box=\box60
\c@Hy@AnnotLevel=\count128
\HyField@AnnotCount=\count129
\Fld@listcount=\count130
\c@bookmark@seq@number=\count131

(c:/Users/Mozhdeh/Downloads/XePersian TeXLive Portable/texlive/texmf-dist/tex/l
atex/oberdiek/rerunfilecheck.sty
Package: rerunfilecheck 2011/04/15 v1.7 Rerun checks for auxiliary files (HO)
Package rerunfilecheck Info: Feature \pdfmdfivesum is not available
(rerunfilecheck)             (e.g. pdfTeX or LuaTeX with package `pdftexcmds').

(rerunfilecheck)             Therefore file contents cannot be checked efficien
tly
(rerunfilecheck)             and the loading of the package is aborted.
)
\Hy@SectionHShift=\skip62
)
Package hyperref Info: Option `colorlinks' set `true' on input line 22.

(c:/Users/Mozhdeh/Downloads/XePersian TeXLive Portable/texlive/texmf-dist/tex/x
elatex/xepersian/xepersian.sty
Package: xepersian 2011/03/21 v1.1.0 <commit 100> Persian typesetting in XeLaTe
X

(c:/Users/Mozhdeh/Downloads/XePersian TeXLive Portable/texlive/texmf-dist/tex/l
atex/fontspec/fontspec.sty
Package: fontspec 2011/02/26 v2.1f Advanced font selection for XeLaTeX/LuaLaTeX


(c:/Users/Mozhdeh/Downloads/XePersian TeXLive Portable/texlive/texmf-dist/tex/l
atex/expl3/expl3.sty
(c:/Users/Mozhdeh/Downloads/XePersian TeXLive Portable/texlive/texmf-dist/tex/l
atex/expl3/l3names.sty
Package: l3names 2011/01/08 v2122 L3 Experimental Naming Scheme for TeX Primiti
ves
)
Package: expl3 2011/04/09 v2222 L3 Experimental code bundle wrapper

(c:/Users/Mozhdeh/Downloads/XePersian TeXLive Portable/texlive/texmf-dist/tex/l
atex/etex-pkg/etex.sty
Package: etex 1998/03/26 v2.0 eTeX basic definition package (PEB)
\et@xins=\count132
)
(c:/Users/Mozhdeh/Downloads/XePersian TeXLive Portable/texlive/texmf-dist/tex/l
atex/expl3/l3basics.sty
Package: l3basics 2011/04/23 v2246 L3 Experimental basic definitions
)
(c:/Users/Mozhdeh/Downloads/XePersian TeXLive Portable/texlive/texmf-dist/tex/l
atex/expl3/l3expan.sty
Package: l3expan 2011/04/09 v2223 L3 Experimental Argument Expansion module
)
(c:/Users/Mozhdeh/Downloads/XePersian TeXLive Portable/texlive/texmf-dist/tex/l
atex/expl3/l3tl.sty
Package: l3tl 2011/04/09 v2223 L3 Experimental Token Lists
)
(c:/Users/Mozhdeh/Downloads/XePersian TeXLive Portable/texlive/texmf-dist/tex/l
atex/expl3/l3int.sty
Package: l3int 2011/04/11 v2229 L3 Experimental Integer module
\l_tmpa_int=\count133
\l_tmpb_int=\count134
\l_tmpc_int=\count135
\g_tmpa_int=\count136
\g_tmpb_int=\count137
\c_max_int=\count138
\g_tl_inline_level_int=\count139
\g_prg_inline_level_int=\count140
)
(c:/Users/Mozhdeh/Downloads/XePersian TeXLive Portable/texlive/texmf-dist/tex/l
atex/expl3/l3quark.sty
Package: l3quark 2011/04/14 v2234 L3 Experimental Quark Commands
)
(c:/Users/Mozhdeh/Downloads/XePersian TeXLive Portable/texlive/texmf-dist/tex/l
atex/expl3/l3seq.sty
Package: l3seq 2011/04/21 v2245 The LaTeX3 kernel: sequences and stacks
\g_seq_nesting_depth_int=\count141
)
(c:/Users/Mozhdeh/Downloads/XePersian TeXLive Portable/texlive/texmf-dist/tex/l
atex/expl3/l3toks.sty
Package: l3toks 2011/04/09 v2223 L3 Experimental Token Registers
\l_tmpb_toks=\toks24
\l_tmpc_toks=\toks25
\g_tmpa_toks=\toks26
\g_tmpb_toks=\toks27
\g_tmpc_toks=\toks28
\c_empty_toks=\toks29
\l_tl_replace_toks=\toks30
)
(c:/Users/Mozhdeh/Downloads/XePersian TeXLive Portable/texlive/texmf-dist/tex/l
atex/expl3/l3prg.sty
Package: l3prg 2011/04/09 v2223 L3 Experimental control structures
)
(c:/Users/Mozhdeh/Downloads/XePersian TeXLive Portable/texlive/texmf-dist/tex/l
atex/expl3/l3clist.sty
Package: l3clist 2011/04/09 v2223 L3 Experimental comma separated lists
\g_clist_map_inline_int=\count142
)
(c:/Users/Mozhdeh/Downloads/XePersian TeXLive Portable/texlive/texmf-dist/tex/l
atex/expl3/l3token.sty
Package: l3token 2011/04/09 v2223 L3 Experimental token investigation and manip
ulation
)
(c:/Users/Mozhdeh/Downloads/XePersian TeXLive Portable/texlive/texmf-dist/tex/l
atex/expl3/l3prop.sty
Package: l3prop 2011/04/09 v2223 L3 Experimental Property Lists
\g_prop_inline_level_int=\count143
)
(c:/Users/Mozhdeh/Downloads/XePersian TeXLive Portable/texlive/texmf-dist/tex/l
atex/expl3/l3msg.sty
Package: l3msg 2010/10/02 v2052 L3 Experimental LaTeX Messages module
\l_msg_redirect_classes_prop=\toks31
\l_msg_redirect_names_prop=\toks32
\l_msg_redirect_fatal_prop=\toks33
\l_msg_redirect_error_prop=\toks34
\l_msg_redirect_warning_prop=\toks35
\l_msg_redirect_info_prop=\toks36
\l_msg_redirect_log_prop=\toks37
\l_msg_redirect_trace_prop=\toks38
\l_msg_redirect_none_prop=\toks39
)
(c:/Users/Mozhdeh/Downloads/XePersian TeXLive Portable/texlive/texmf-dist/tex/l
atex/expl3/l3io.sty
Package: l3io 2010/10/03 v2063 L3 Experimental i/o module
\g_iow_streams_prop=\toks40
\g_ior_streams_prop=\toks41
\l_iow_stream_int=\count144
)
(c:/Users/Mozhdeh/Downloads/XePersian TeXLive Portable/texlive/texmf-dist/tex/l
atex/expl3/l3skip.sty
Package: l3skip 2011/02/15 v2149 L3 Experimental skip registers
\l_tmpa_skip=\skip63
\l_tmpb_skip=\skip64
\l_tmpc_skip=\skip65
\g_tmpa_skip=\skip66
\g_tmpb_skip=\skip67
\l_tmpa_dim=\dimen139
\l_tmpb_dim=\dimen140
\l_tmpc_dim=\dimen141
\l_tmpd_dim=\dimen142
\g_tmpa_dim=\dimen143
\g_tmpb_dim=\dimen144
)
(c:/Users/Mozhdeh/Downloads/XePersian TeXLive Portable/texlive/texmf-dist/tex/l
atex/expl3/l3box.sty
Package: l3box 2011/04/09 v2223 L3 Experimental Box module
\l_tmpb_box=\box61
)
(c:/Users/Mozhdeh/Downloads/XePersian TeXLive Portable/texlive/texmf-dist/tex/l
atex/expl3/l3keyval.sty
Package: l3keyval 2011/04/09 v2223 L3 Experimental keyval processing
\l_KV_level_int=\count145
)
(c:/Users/Mozhdeh/Downloads/XePersian TeXLive Portable/texlive/texmf-dist/tex/l
atex/expl3/l3keys.sty
Package: l3keys 2010/11/11 v2082 L3 Experimental key-value support
\l_keys_choice_int=\count146
)
(c:/Users/Mozhdeh/Downloads/XePersian TeXLive Portable/texlive/texmf-dist/tex/l
atex/expl3/l3precom.sty
Package: l3precom 2011/04/09 v2223 L3 Experimental precompilation module
\g_gen_sym_int=\count147
\g_ggen_sym_int=\count148
)
(c:/Users/Mozhdeh/Downloads/XePersian TeXLive Portable/texlive/texmf-dist/tex/l
atex/expl3/l3xref.sty
Package: l3xref 2011/04/09 v2223 L3 Experimental cross referencing
\g_xref_all_curr_immediate_fields_prop=\toks42
\g_xref_all_curr_deferred_fields_prop=\toks43
)
(c:/Users/Mozhdeh/Downloads/XePersian TeXLive Portable/texlive/texmf-dist/tex/l
atex/expl3/l3file.sty
Package: l3file 2011/04/21 v2242 The LaTeX3 kernel: file operations
)
(c:/Users/Mozhdeh/Downloads/XePersian TeXLive Portable/texlive/texmf-dist/tex/l
atex/expl3/l3fp.sty
Package: l3fp 2011/03/19 v2201 L3 Experimental floating-point operations
\c_one_million=\count149
\c_one_hundred_million=\count150
\c_five_hundred_million=\count151
\c_one_thousand_million=\count152
\c_fp_pi_by_four_decimal_int=\count153
\c_fp_pi_by_four_extended_int=\count154
\c_fp_pi_decimal_int=\count155
\c_fp_pi_extended_int=\count156
\c_fp_two_pi_decimal_int=\count157
\c_fp_two_pi_extended_int=\count158
\l_fp_count_int=\count159
\l_fp_div_offset_int=\count160
\l_fp_exp_integer_int=\count161
\l_fp_exp_decimal_int=\count162
\l_fp_exp_extended_int=\count163
\l_fp_exp_exponent_int=\count164
\l_fp_input_a_sign_int=\count165
\l_fp_input_a_integer_int=\count166
\l_fp_input_a_decimal_int=\count167
\l_fp_input_a_exponent_int=\count168
\l_fp_input_b_sign_int=\count169
\l_fp_input_b_integer_int=\count170
\l_fp_input_b_decimal_int=\count171
\l_fp_input_b_exponent_int=\count172
\l_fp_input_a_extended_int=\count173
\l_fp_input_b_extended_int=\count174
\l_fp_mul_a_i_int=\count175
\l_fp_mul_a_ii_int=\count176
\l_fp_mul_a_iii_int=\count177
\l_fp_mul_a_iv_int=\count178
\l_fp_mul_a_v_int=\count179
\l_fp_mul_a_vi_int=\count180
\l_fp_mul_b_i_int=\count181
\l_fp_mul_b_ii_int=\count182
\l_fp_mul_b_iii_int=\count183
\l_fp_mul_b_iv_int=\count184
\l_fp_mul_b_v_int=\count185
\l_fp_mul_b_vi_int=\count186
\l_fp_mul_output_int=\count187
\l_fp_output_sign_int=\count188
\l_fp_output_integer_int=\count189
\l_fp_output_decimal_int=\count190
\l_fp_output_exponent_int=\count191
\l_fp_output_extended_int=\count192
\l_fp_round_position_int=\count193
\l_fp_round_target_int=\count194
\l_fp_split_sign_int=\count195
\l_fp_tmp_int=\count196
\l_fp_trig_octant_int=\count197
\l_fp_trig_sign_int=\count198
\l_fp_trig_decimal_int=\count199
\l_fp_trig_extended_int=\count200
\l_fp_tmp_dim=\dimen145
\l_fp_tmp_skip=\skip68
)
(c:/Users/Mozhdeh/Downloads/XePersian TeXLive Portable/texlive/texmf-dist/tex/l
atex/expl3/l3luatex.sty
Package: l3luatex 2010/07/18 v1985 L3 Experimental LuaTeX functions
\g_cctab_allocate_int=\count201
Normal \count register pool exhausted, switching to extended pool.
\g_cctab_stack_int=\count277
)
(c:/Users/Mozhdeh/Downloads/XePersian TeXLive Portable/texlive/texmf-dist/tex/l
atex/tools/calc.sty
Package: calc 2007/08/22 v4.3 Infix arithmetic (KKT,FJ)
\calc@Acount=\count278
\calc@Bcount=\count279
\calc@Adimen=\dimen146
\calc@Bdimen=\dimen147
\calc@Askip=\skip69
\calc@Bskip=\skip70
LaTeX Info: Redefining \setlength on input line 76.
LaTeX Info: Redefining \addtolength on input line 77.
\calc@Ccount=\count280
\calc@Cskip=\skip71
))
(c:/Users/Mozhdeh/Downloads/XePersian TeXLive Portable/texlive/texmf-dist/tex/l
atex/xpackages/xbase/xparse.sty
Package: xparse 2011/04/08 v2219 Generic document command parser
\c_xparse_shorthands_prop=\toks44
\l_xparse_m_args_int=\count281
\l_xparse_mandatory_args_int=\count282
\l_xparse_processor_int=\count283
\l_xparse_total_args_int=\count284
)
(c:/Users/Mozhdeh/Downloads/XePersian TeXLive Portable/texlive/texmf-dist/tex/g
eneric/kastrup/binhex.tex)
\l_fontspec_script_int=\count285
\l_fontspec_language_int=\count286
\l_fontspec_strnum_int=\count287
Variant \tl_gset:cV already defined; not changing it on line 83

(c:/Users/Mozhdeh/Downloads/XePersian TeXLive Portable/texlive/texmf-dist/tex/l
atex/xkeyval/xkeyval.sty
Package: xkeyval 2008/08/13 v2.6a package option processing (HA)

(c:/Users/Mozhdeh/Downloads/XePersian TeXLive Portable/texlive/texmf-dist/tex/g
eneric/xkeyval/xkeyval.tex
\XKV@toks=\toks45
\XKV@tempa@toks=\toks46
\XKV@depth=\count288
File: xkeyval.tex 2008/08/13 v2.6a key=value parser (HA)
))
(c:/Users/Mozhdeh/Downloads/XePersian TeXLive Portable/texlive/texmf-dist/tex/l
atex/fontspec/fontspec-patches.sty
Package: fontspec-patches 2011/02/26 v2.1f Advanced font selection for XeLaTeX/
LuaLaTeX

(c:/Users/Mozhdeh/Downloads/XePersian TeXLive Portable/texlive/texmf-dist/tex/l
atex/base/fixltx2e.sty
Package: fixltx2e 2006/09/13 v1.1m fixes to LaTeX
LaTeX Info: Redefining \em on input line 420.
)
LaTeX Info: Redefining \em on input line 22.
LaTeX Info: Redefining \emph on input line 29.
LaTeX Info: Redefining \- on input line 32.
)
(c:/Users/Mozhdeh/Downloads/XePersian TeXLive Portable/texlive/texmf-dist/tex/l
atex/base/fontenc.sty
Package: fontenc 2005/09/27 v1.99g Standard LaTeX package

(c:/Users/Mozhdeh/Downloads/XePersian TeXLive Portable/texlive/texmf-dist/tex/l
atex/euenc/eu1enc.def
File: eu1enc.def 2010/05/27 v0.1h Experimental Unicode font encodings
)
LaTeX Font Info:    Try loading font information for EU1+lmr on input line 100.


(c:/Users/Mozhdeh/Downloads/XePersian TeXLive Portable/texlive/texmf-dist/tex/l
atex/euenc/eu1lmr.fd
File: eu1lmr.fd 2009/10/30 v1.6 Font defs for Latin Modern
))
(c:/Users/Mozhdeh/Downloads/XePersian TeXLive Portable/texlive/texmf-dist/tex/x
elatex/xunicode/xunicode.sty
File: xunicode.sty 2010/11/06 v0.96 provides access to latin accents and many o
ther characters in Unicode lower plane
)
 LaTeX info: Defining document command \fontspec
(LaTeX)  with arg. spec. 'O{}m' on line 335.

 LaTeX info: Defining document command \setmainfont
(LaTeX)  with arg. spec. 'O{}m' on line 339.

 LaTeX info: Defining document command \setsansfont
(LaTeX)  with arg. spec. 'O{}m' on line 343.

 LaTeX info: Defining document command \setmonofont
(LaTeX)  with arg. spec. 'O{}m' on line 347.

 LaTeX info: Defining document command \setmathrm
(LaTeX)  with arg. spec. 'O{}m' on line 351.

 LaTeX info: Defining document command \setboldmathrm
(LaTeX)  with arg. spec. 'O{}m' on line 354.

 LaTeX info: Defining document command \setmathsf
(LaTeX)  with arg. spec. 'O{}m' on line 357.

 LaTeX info: Defining document command \setmathtt
(LaTeX)  with arg. spec. 'O{}m' on line 360.

 LaTeX info: Defining document command \newfontfamily
(LaTeX)  with arg. spec. 'mO{}m' on line 377.

 LaTeX info: Defining document command \newfontface
(LaTeX)  with arg. spec. 'mO{}m' on line 380.

 LaTeX info: Defining document command \defaultfontfeatures
(LaTeX)  with arg. spec. 'm' on line 383.

 LaTeX info: Defining document command \addfontfeatures
(LaTeX)  with arg. spec. 'm' on line 400.

 LaTeX info: Defining document command \newfontfeature
(LaTeX)  with arg. spec. 'mm' on line 407.

 LaTeX info: Defining document command \newAATfeature
(LaTeX)  with arg. spec. 'mmmm' on line 416.

 LaTeX info: Defining document command \newICUfeature
(LaTeX)  with arg. spec. 'mmm' on line 425.

 LaTeX info: Defining document command \aliasfontfeature
(LaTeX)  with arg. spec. 'mm' on line 427.

 LaTeX info: Defining document command \aliasfontfeatureoption
(LaTeX)  with arg. spec. 'mmm' on line 430.

 LaTeX info: Defining document command \newfontscript
(LaTeX)  with arg. spec. 'mm' on line 435.

 LaTeX info: Defining document command \newfontlanguage
(LaTeX)  with arg. spec. 'mm' on line 457.

 LaTeX info: Defining document command \DeclareFontsExtensions
(LaTeX)  with arg. spec. 'm' on line 474.

\c@fontspec_tmp_int=\count289
LaTeX Info: Redefining \itshape on input line 2105.
LaTeX Info: Redefining \slshape on input line 2109.
LaTeX Info: Redefining \scshape on input line 2113.
LaTeX Info: Redefining \upshape on input line 2117.

(c:/Users/Mozhdeh/Downloads/XePersian TeXLive Portable/texlive/texmf-dist/tex/l
atex/fontspec/fontspec.cfg))
(c:/Users/Mozhdeh/Downloads/XePersian TeXLive Portable/texlive/texmf-dist/tex/x
elatex/xepersian/xepersian-persiancal.sty
Package: xepersian-persiancal 2010/07/25 v0.1 provides Persian calendar
\XePersian@i=\count290
\XePersian@y=\count291
\XePersian@m=\count292
\XePersian@d=\count293
\XePersian@latini=\count294
\XePersian@persiani=\count295
\XePersian@latinii=\count296
\XePersian@persianii=\count297
\XePersian@latiniii=\count298
\XePersian@persianiii=\count299
\XePersian@latiniv=\count300
\XePersian@persianiv=\count301
\XePersian@latinv=\count302
\XePersian@persianv=\count303
\XePersian@latinvi=\count304
\XePersian@persianvi=\count305
\XePersian@latinvii=\count306
\XePersian@persianvii=\count307
\XePersian@latinviii=\count308
\XePersian@persianviii=\count309
\XePersian@latinix=\count310
\XePersian@persianix=\count311
\XePersian@latinx=\count312
\XePersian@persianx=\count313
\XePersian@latinxi=\count314
\XePersian@persianxi=\count315
\XePersian@latinxii=\count316
\XePersian@persianxii=\count317
\XePersian@persianxiii=\count318
\XePersian@temp=\count319
\XePersian@temptwo=\count320
\XePersian@tempthree=\count321
\XePersian@yModHundred=\count322
\XePersian@thirtytwo=\count323
\XePersian@dn=\count324
\XePersian@sn=\count325
\XePersian@mminusone=\count326
)
(c:/Users/Mozhdeh/Downloads/XePersian TeXLive Portable/texlive/texmf-dist/tex/x
elatex/xepersian/xepersian-mathsdigitspec.sty
Package: xepersian-mathsdigitspec 2011/03/01 v0.9 Unicode Persian maths digits 
in XeLaTeX
 LaTeX info: Defining document command \new@mathbf
(LaTeX)  with arg. spec. 'm' on line 53.

 LaTeX info: Defining document command \new@mathit
(LaTeX)  with arg. spec. 'm' on line 61.

 LaTeX info: Defining document command \new@mathrm
(LaTeX)  with arg. spec. 'm' on line 69.

 LaTeX info: Defining document command \new@mathsf
(LaTeX)  with arg. spec. 'm' on line 77.

 LaTeX info: Defining document command \new@mathtt
(LaTeX)  with arg. spec. 'm' on line 85.

)
(c:/Users/Mozhdeh/Downloads/XePersian TeXLive Portable/texlive/texmf-dist/tex/l
atex/etoolbox/etoolbox.sty
Package: etoolbox 2011/01/03 v2.1 e-TeX tools for LaTeX
\etb@tempcnta=\count327
)
(c:/Users/Mozhdeh/Downloads/XePersian TeXLive Portable/texlive/texmf-dist/tex/l
atex/bidi/bidi.sty
Package: bidi 2011/03/21 v1.1.7 <commit 150> Bidirectional typesetting in plain
 TeX and LaTeX

bidi package (Support for bidirectional typesetting in plain TeX and LaTeX)
 Description: A convenient interface for typesetting bidirectional
 texts in plain TeX and LaTeX. The package includes adaptations for use
 with many other commonly-used packages.
 Copyright © 2009–2011 Vafa Khalighi
 v1.1.7, <commit 150>, 2011/03/21
 License: LaTeX Project Public License, version 1.3c or higher (your choice)
 Home: http://bitbucket.org/vafa/bidi
 Location on CTAN: /macros/latex/contrib/bidi

(c:/Users/Mozhdeh/Downloads/XePersian TeXLive Portable/texlive/texmf-dist/tex/g
eneric/iftex/iftex.sty
Package: iftex 2010/07/25 v0.2 Provides if(tex) conditional for PDFTeX, XeTeX, 
and LuaTeX
)
(c:/Users/Mozhdeh/Downloads/XePersian TeXLive Portable/texlive/texmf-dist/tex/l
atex/bidi/loadingorder-bidi.def
File: loadingorder-bidi.def 2011/04/16 v0.6 making sure that bidi is the last p
ackage loaded
)
(c:/Users/Mozhdeh/Downloads/XePersian TeXLive Portable/texlive/texmf-dist/tex/l
atex/bidi/xetex-bidi.def
File: xetex-bidi.def 2010/08/01 v0.8 bidi adaptations for XeTeX engine
\n@everypar=\toks47

(c:/Users/Mozhdeh/Downloads/XePersian TeXLive Portable/texlive/texmf-dist/tex/l
atex/bidi/footnote-xetex-bidi.def
File: footnote-xetex-bidi.def 2010/07/25 v0.5 bidi footnote macros for XeTeX en
gine
)
(c:/Users/Mozhdeh/Downloads/XePersian TeXLive Portable/texlive/texmf-dist/tex/l
atex/bidi/book-xetex-bidi.def
File: book-xetex-bidi.def 2010/07/25 v0.7 bidi adaptations for standard book cl
ass for XeTeX engine
)
(c:/Users/Mozhdeh/Downloads/XePersian TeXLive Portable/texlive/texmf-dist/tex/l
atex/bidi/caption-xetex-bidi.def
File: caption-xetex-bidi.def 2010/07/25 v0.1 bidi adaptations for caption packa
ge for XeTeX engine
)
(c:/Users/Mozhdeh/Downloads/XePersian TeXLive Portable/texlive/texmf-dist/tex/l
atex/bidi/color-xetex-bidi.def
File: color-xetex-bidi.def 2010/07/25 v0.1 bidi adaptations for color package f
or XeTeX engine
LaTeX Info: Redefining \color on input line 24.
)
(c:/Users/Mozhdeh/Downloads/XePersian TeXLive Portable/texlive/texmf-dist/tex/l
atex/bidi/xcolor-xetex-bidi.def
File: xcolor-xetex-bidi.def 2010/07/25 v0.1 bidi adaptations for xcolor package
 for XeTeX engine
LaTeX Info: Redefining \color on input line 23.
LaTeX Info: Redefining \bidicolor on input line 66.
)
(c:/Users/Mozhdeh/Downloads/XePersian TeXLive Portable/texlive/texmf-dist/tex/l
atex/bidi/colortbl-xetex-bidi.def
File: colortbl-xetex-bidi.def 2010/07/25 v0.1 bidi adaptations for colortbl pac
kage for XeTeX engine
)
(c:/Users/Mozhdeh/Downloads/XePersian TeXLive Portable/texlive/texmf-dist/tex/l
atex/bidi/float-xetex-bidi.def
File: float-xetex-bidi.def 2011/02/06 v0.1 bidi adaptations for float package f
or XeTeX engine
)
(c:/Users/Mozhdeh/Downloads/XePersian TeXLive Portable/texlive/texmf-dist/tex/l
atex/bidi/graphicx-xetex-bidi.def
File: graphicx-xetex-bidi.def 2010/07/25 v0.3 bidi adaptations for graphicx pac
kage for XeTeX engine
)
(c:/Users/Mozhdeh/Downloads/XePersian TeXLive Portable/texlive/texmf-dist/tex/l
atex/bidi/hyperref-xetex-bidi.def
File: hyperref-xetex-bidi.def 2010/07/25 v0.4 bidi adaptations for hyperref pac
kage for XeTeX engine
)
(c:/Users/Mozhdeh/Downloads/XePersian TeXLive Portable/texlive/texmf-dist/tex/l
atex/bidi/fancyhdr-xetex-bidi.def
File: fancyhdr-xetex-bidi.def 2010/07/25 v0.3 bidi adaptations for fancyhdr pac
kage for XeTeX engine
)
(c:/Users/Mozhdeh/Downloads/XePersian TeXLive Portable/texlive/texmf-dist/tex/l
atex/bidi/listings-xetex-bidi.def
File: listings-xetex-bidi.def 2010/07/25 v0.5 bidi adaptations for listings pac
kage for XeTeX engine
)
(c:/Users/Mozhdeh/Downloads/XePersian TeXLive Portable/texlive/texmf-dist/tex/l
atex/bidi/array-xetex-bidi.def
File: array-xetex-bidi.def 2010/08/01 v0.2b bidi adaptations for array package 
for XeTeX engine
)
(c:/Users/Mozhdeh/Downloads/XePersian TeXLive Portable/texlive/texmf-dist/tex/l
atex/bidi/longtable-xetex-bidi.def
File: longtable-xetex-bidi.def 2010/07/25 v0.1 bidi adaptations for longtable p
ackage for XeTeX engine
)
(c:/Users/Mozhdeh/Downloads/XePersian TeXLive Portable/texlive/texmf-dist/tex/l
atex/bidi/multicol-xetex-bidi.def
File: multicol-xetex-bidi.def 2010/07/25 v0.1 bidi adaptations for multicol pac
kage for XeTeX engine
)))
xepersian package (Persian for LaTeX over XeTeX)
 Description: The package supports Persian
 typesetting, using fonts provided in the distribution.
 Copyright © 2008–2011 Vafa Khalighi
 v1.1.0, <commit 100>, 2011/03/21
 License: LaTeX Project Public License, version 1.3c or higher (your choice)
 Home: http://bitbucket.org/vafa/xepersian
 Location on CTAN: /macros/xetex/latex/xepersian
\g_fontspec_family_lmroman10-regular_int=\count328
 fontspec info: Defining font family 'lmroman10-regular(0)' for font 'lmroman10
-regular' with options [Mapping=tex-text,ExternalLocation,BoldFont={lmroman10-b
old},BoldItalicFont={lmroman10-bolditalic},ItalicFont={lmroman10-italic},SmallC
apsFont={lmromancaps10-regular},SlantedFont={lmromanslant10-regular},BoldSlante
dFont={lmromanslant10-bold}].

\g_fontspec_lmroman10-regular(0)_prop=\toks48
 fontspec info: Defining shape 'normal' with NFSS spec.:
(fontspec)  <->"[lmroman10-regular]/ICU:script=latn;language=DFLT;mapping=tex-t
ext;"

 fontspec info: Defining shape 'small caps' with NFSS spec.:
(fontspec)  <->"[lmromancaps10-regular]/ICU:script=latn;language=DFLT;mapping=t
ex-text;"

 fontspec info: Defining shape 'bold' with NFSS spec.:
(fontspec)  <->"[lmroman10-bold]/ICU:script=latn;language=DFLT;mapping=tex-text
;"

 fontspec info: Defining shape 'bold small caps' with NFSS spec.:
(fontspec)  <->"[lmromancaps10-regular]/ICU:script=latn;language=DFLT;mapping=t
ex-text;"

 fontspec info: Defining shape 'italic' with NFSS spec.:
(fontspec)  <->"[lmroman10-italic]/ICU:script=latn;language=DFLT;mapping=tex-te
xt;"

 fontspec info: Defining shape 'italic small caps' with NFSS spec.:
(fontspec)  <->"[lmromancaps10-regular]/ICU:script=latn;language=DFLT;mapping=t
ex-text;"

 fontspec info: Defining shape 'm/sl' with NFSS spec.:
(fontspec)  <->"[lmromanslant10-regular]/ICU:script=latn;language=DFLT;mapping=
tex-text;"

 fontspec info: Defining shape 'small caps' with NFSS spec.:
(fontspec)  <->"[lmromancaps10-regular]/ICU:script=latn;language=DFLT;mapping=t
ex-text;"

 fontspec info: Defining shape 'bold italic' with NFSS spec.:
(fontspec)  <->"[lmroman10-bolditalic]/ICU:script=latn;language=DFLT;mapping=te
x-text;"

 fontspec info: Defining shape 'bold italic small caps' with NFSS spec.:
(fontspec)  <->"[lmromancaps10-regular]/ICU:script=latn;language=DFLT;mapping=t
ex-text;"

 fontspec info: Defining shape 'bx/sl' with NFSS spec.:
(fontspec)  <->"[lmromanslant10-bold]/ICU:script=latn;language=DFLT;mapping=tex
-text;"

 fontspec info: Defining shape 'bold small caps' with NFSS spec.:
(fontspec)  <->"[lmromancaps10-regular]/ICU:script=latn;language=DFLT;mapping=t
ex-text;"


(c:/Users/Mozhdeh/Downloads/XePersian TeXLive Portable/texlive/texmf-dist/tex/x
elatex/xepersian/loadingorder-bidi-xepersian.def
File: loadingorder-bidi-xepersian.def 2010/07/25 v0.2 making sure that xepersia
n is the last package loaded
)
(c:/Users/Mozhdeh/Downloads/XePersian TeXLive Portable/texlive/texmf-dist/tex/x
elatex/xepersian/listings-xepersian.def
File: listings-xepersian.def 2010/07/25 v0.2 bilingual captions for listings pa
ckage
)
(c:/Users/Mozhdeh/Downloads/XePersian TeXLive Portable/texlive/texmf-dist/tex/x
elatex/xepersian/footnote-bidi-xepersian.def
File: footnote-bidi-xepersian.def 2010/07/25 v0.2 footnote macros for xepersian
 package
)
(c:/Users/Mozhdeh/Downloads/XePersian TeXLive Portable/texlive/texmf-dist/tex/x
elatex/xepersian/hyperref-xepersian.def
File: hyperref-xepersian.def 2010/07/25 v0.3 bilingual captions for hyperref pa
ckage
)
(c:/Users/Mozhdeh/Downloads/XePersian TeXLive Portable/texlive/texmf-dist/tex/x
elatex/xepersian/multicol-xepersian.def
File: multicol-xepersian.def 2010/07/25 v0.1 adaptations for multicol package
)
(c:/Users/Mozhdeh/Downloads/XePersian TeXLive Portable/texlive/texmf-dist/tex/x
elatex/xepersian/book-xepersian.def
File: book-xepersian.def 2010/07/25 v0.2 adaptations for standard book class
)
(c:/Users/Mozhdeh/Downloads/XePersian TeXLive Portable/texlive/texmf-dist/tex/x
elatex/xepersian/localise-xepersian.def
File: localise-xepersian.def 2010/07/25 v0.2a Persian localisation of LaTeX2e

(c:/Users/Mozhdeh/Downloads/XePersian TeXLive Portable/texlive/texmf-dist/tex/x
elatex/xepersian/commands-ltx.def
File: commands-ltx.def 2010/07/25 v0.2 Persian localisation of LaTeX2e commands

)
(c:/Users/Mozhdeh/Downloads/XePersian TeXLive Portable/texlive/texmf-dist/tex/x
elatex/xepersian/commands-xepersian.def
File: commands-xepersian.def 2010/07/25 v0.1 Persian localisation of XePersian 
commands
)
(c:/Users/Mozhdeh/Downloads/XePersian TeXLive Portable/texlive/texmf-dist/tex/x
elatex/xepersian/environments-ltx.def
File: environments-ltx.def 2010/07/25 v0.2 Persian localisation of LaTeX2e envi
ronments
)
(c:/Users/Mozhdeh/Downloads/XePersian TeXLive Portable/texlive/texmf-dist/tex/x
elatex/xepersian/environments-xepersian.def
File: environments-xepersian.def 2010/07/25 v0.1 Persian localisation of XePers
ian and bidi environments
)
(c:/Users/Mozhdeh/Downloads/XePersian TeXLive Portable/texlive/texmf-dist/tex/x
elatex/xepersian/messages-localise.def
File: messages-localise.def 2011/03/01 v0.1 localising LaTeX2e messages
)
(c:/Users/Mozhdeh/Downloads/XePersian TeXLive Portable/texlive/texmf-dist/tex/x
elatex/xepersian/misc-localise-xepersian.def
File: misc-localise-xepersian.def 2011/03/01 v0.1 miscellaneous Persian localis
ation of LaTeX2e
)
(c:/Users/Mozhdeh/Downloads/XePersian TeXLive Portable/texlive/texmf-dist/tex/x
elatex/xepersian/packages-localise-xepersian.def
File: packages-localise-xepersian.def 2011/03/01 v0.1 localising LaTeX2e Packag
es

(c:/Users/Mozhdeh/Downloads/XePersian TeXLive Portable/texlive/texmf-dist/tex/x
elatex/xepersian/color-localise.def
File: color-localise.def 2011/03/01 v0.1 localising color package
))))
\g_fontspec_family_XB Niloofar_int=\count329
 fontspec info: Defining font family 'XBNiloofar(0)' for font 'XB Niloofar' wit
h options [Script=Parsi,Language=Parsi,Mapping=parsidigits,].

\g_fontspec_XBNiloofar(0)_prop=\toks49
 fontspec info: Defining shape 'normal' with NFSS spec.:
(fontspec)  <->"XB Niloofar/ICU:script=arab;language=FAR;mapping=parsidigits;"

 fontspec info: Defining shape 'bold' with NFSS spec.:
(fontspec)  <->"XB Niloofar/B/ICU:script=arab;language=FAR;mapping=parsidigits;
"

 fontspec info: Defining shape 'italic' with NFSS spec.:
(fontspec)  <->"XB Niloofar/I/ICU:script=arab;language=FAR;mapping=parsidigits;
"

 fontspec info: Defining shape 'bold italic' with NFSS spec.:
(fontspec)  <->"XB Niloofar/BI/ICU:script=arab;language=FAR;mapping=parsidigits
;"

 fontspec info: Defining font family 'XBNiloofar(1)' for font 'XB Niloofar' wit
h options [Mapping=parsidigits,].

\g_fontspec_XBNiloofar(1)_prop=\toks50
 fontspec info: Defining shape 'normal' with NFSS spec.:
(fontspec)  <->"XB Niloofar/ICU:script=latn;language=DFLT;mapping=parsidigits;"


 fontspec info: Defining shape 'bold' with NFSS spec.:
(fontspec)  <->"XB Niloofar/B/ICU:script=latn;language=DFLT;mapping=parsidigits
;"

 fontspec info: Defining shape 'italic' with NFSS spec.:
(fontspec)  <->"XB Niloofar/I/ICU:script=latn;language=DFLT;mapping=parsidigits
;"

 fontspec info: Defining shape 'bold italic' with NFSS spec.:
(fontspec)  <->"XB Niloofar/BI/ICU:script=latn;language=DFLT;mapping=parsidigit
s;"

Package xepersian-mathsdigitspec Info: Defining the default Persian maths digit
s font as 'XB Niloofar' on input line 39.
\symOPERATORS=\mathgroup4
\symnew@mathbf@font@digits=\mathgroup5
\symnew@mathit@font@digits=\mathgroup6
\symnew@mathrm@font@digits=\mathgroup7


Package Fancyhdr Warning: \fancyhead's `E' option without twoside option is use
less on input line 44.


Package Fancyhdr Warning: \fancyhead's `E' option without twoside option is use
less on input line 45.

(./book.aux (./front_page.aux) (./docindex.aux) (./sysdesc.aux) (./rqms.aux)
(./risks.aux) (./usecase.aux) (./crc.aux) (./activity.aux) (./prot.aux)
(./analys_class.aux) (./package.aux) (./analys_seq.aux) (./changes.aux)
(./glossary.aux) (./sched.aux))
\openout1 = `book.aux'.

LaTeX Font Info:    Checking defaults for OML/cmm/m/it on input line 47.
LaTeX Font Info:    ... okay on input line 47.
LaTeX Font Info:    Checking defaults for T1/cmr/m/n on input line 47.
LaTeX Font Info:    ... okay on input line 47.
LaTeX Font Info:    Checking defaults for OT1/cmr/m/n on input line 47.
LaTeX Font Info:    ... okay on input line 47.
LaTeX Font Info:    Checking defaults for OMS/cmsy/m/n on input line 47.
LaTeX Font Info:    ... okay on input line 47.
LaTeX Font Info:    Checking defaults for OMX/cmex/m/n on input line 47.
LaTeX Font Info:    ... okay on input line 47.
LaTeX Font Info:    Checking defaults for U/cmr/m/n on input line 47.
LaTeX Font Info:    ... okay on input line 47.
LaTeX Font Info:    Checking defaults for PD1/pdf/m/n on input line 47.
LaTeX Font Info:    ... okay on input line 47.
LaTeX Font Info:    Checking defaults for PU/pdf/m/n on input line 47.
LaTeX Font Info:    ... okay on input line 47.
LaTeX Font Info:    Checking defaults for EU1/lmr/m/n on input line 47.
LaTeX Font Info:    ... okay on input line 47.
Package caption Info: Begin \AtBeginDocument code.
Package caption Info: float package is loaded.
Package caption Info: hyperref package is loaded.
Package caption Info: listings package is loaded.
Package caption Info: longtable package is loaded.

(c:/Users/Mozhdeh/Downloads/XePersian TeXLive Portable/texlive/texmf-dist/tex/l
atex/caption/ltcaption.sty
Package: ltcaption 2008/03/28 v1.2 longtable captions (AR)
)
Package caption Info: End \AtBeginDocument code.
\c@lstlisting=\count330

*geometry* driver: auto-detecting
*geometry* detected driver: xetex
*geometry* verbose mode - [ preamble ] result:
* driver: xetex
* paper: <default>
* layout: <same size as paper>
* layoutoffset:(h,v)=(0.0pt,0.0pt)
* modes: 
* h-part:(L,W,R)=(92.14519pt, 430.00462pt, 92.14519pt)
* v-part:(T,H,B)=(95.39737pt, 556.47656pt, 143.09605pt)
* \paperwidth=614.295pt
* \paperheight=794.96999pt
* \textwidth=430.00462pt
* \textheight=556.47656pt
* \oddsidemargin=19.8752pt
* \evensidemargin=19.8752pt
* \topmargin=-6.94011pt
* \headheight=12.0pt
* \headsep=18.06749pt
* \topskip=10.0pt
* \footskip=25.29494pt
* \marginparwidth=69.0pt
* \marginparsep=7.0pt
* \columnsep=10.0pt
* \skip\footins=9.0pt plus 4.0pt minus 2.0pt
* \hoffset=0.0pt
* \voffset=0.0pt
* \mag=1000
* \@twocolumnfalse
* \@twosidefalse
* \@mparswitchfalse
* \@reversemarginfalse
* (1in=72.27pt=25.4mm, 1cm=28.453pt)

\AtBeginShipoutBox=\box62
Package hyperref Info: Link coloring ON on input line 47.

(c:/Users/Mozhdeh/Downloads/XePersian TeXLive Portable/texlive/texmf-dist/tex/l
atex/hyperref/nameref.sty
Package: nameref 2010/04/30 v2.40 Cross-referencing by name of section

(c:/Users/Mozhdeh/Downloads/XePersian TeXLive Portable/texlive/texmf-dist/tex/g
eneric/oberdiek/gettitlestring.sty
Package: gettitlestring 2010/12/03 v1.4 Cleanup title references (HO)
)
\c@section@level=\count331
)
LaTeX Info: Redefining \ref on input line 47.
LaTeX Info: Redefining \pageref on input line 47.
LaTeX Info: Redefining \nameref on input line 47.
 (./book.out) (./book.out)
\@outlinefile=\write3
\openout3 = `book.out'.

\c@usecase_ID=\count332
\c@usecase_AF=\count333
\openout2 = `front_page.aux'.


(./front_page.tex
File: img/logo.png Graphic file (type QTm)
 <use  "img/logo.png" >
(c:/Users/Mozhdeh/Downloads/XePersian TeXLive Portable/texlive/texmf-dist/tex/g
eneric/oberdiek/se-ascii-print.def
File: se-ascii-print.def 2010/03/01 v1.8 stringenc: Printable ASCII characters
) [1



]) (./book.toc
LaTeX Font Info:    External font `cmex10' loaded for size
(Font)              <7> on input line 2.
LaTeX Font Info:    External font `cmex10' loaded for size
(Font)              <5> on input line 2.
 [1



] [2]
Overfull \hbox (0.61325pt too wide) detected at line 150
 [][][]\EU1/XBNiloofar(0)/m/n/10 ۱۰۰[][][]
 []


Overfull \hbox (0.61325pt too wide) detected at line 151
 [][][]\EU1/XBNiloofar(0)/m/n/10 ۱۰۱[][][]
 []


Overfull \hbox (0.61325pt too wide) detected at line 152
 [][][]\EU1/XBNiloofar(0)/m/n/10 ۱۰۲[][][]
 []


Overfull \hbox (0.61325pt too wide) detected at line 153
 [][][]\EU1/XBNiloofar(0)/m/n/10 ۱۰۳[][][]
 []


Overfull \hbox (0.61325pt too wide) detected at line 154
 [][][]\EU1/XBNiloofar(0)/m/n/10 ۱۰۴[][][]
 []


Overfull \hbox (0.61325pt too wide) detected at line 155
 [][][]\EU1/XBNiloofar(0)/m/n/10 ۱۰۵[][][]
 []


Overfull \hbox (0.61325pt too wide) detected at line 156
 [][][]\EU1/XBNiloofar(0)/m/n/10 ۱۰۶[][][]
 []


Overfull \hbox (0.61325pt too wide) detected at line 158
 [][][]\EU1/XBNiloofar(0)/m/n/10 ۱۰۷[][][]
 []


Overfull \hbox (0.61325pt too wide) detected at line 159
 [][][]\EU1/XBNiloofar(0)/m/n/10 ۱۰۹[][][]
 []


Overfull \hbox (0.61325pt too wide) detected at line 160
 [][][]\EU1/XBNiloofar(0)/m/n/10 ۱۱۳[][][]
 []


Overfull \hbox (0.61325pt too wide) detected at line 161
 [][][]\EU1/XBNiloofar(0)/m/n/10 ۱۲۰[][][]
 []


Overfull \hbox (0.61325pt too wide) detected at line 162
 [][][]\EU1/XBNiloofar(0)/m/n/10 ۱۲۶[][][]
 []


Overfull \hbox (0.61325pt too wide) detected at line 163
 [][][]\EU1/XBNiloofar(0)/m/n/10 ۱۲۹[][][]
 []


Overfull \hbox (0.61325pt too wide) detected at line 166
 [][][]\EU1/XBNiloofar(0)/m/n/10 ۱۳۳[][][]
 []


Overfull \hbox (0.61325pt too wide) detected at line 167
 [][][]\EU1/XBNiloofar(0)/m/n/10 ۱۳۴[][][]
 []


Overfull \hbox (0.61325pt too wide) detected at line 168
 [][][]\EU1/XBNiloofar(0)/m/n/10 ۱۳۵[][][]
 []


Overfull \hbox (0.61325pt too wide) detected at line 169
 [][][]\EU1/XBNiloofar(0)/m/n/10 ۱۳۶[][][]
 []


Overfull \hbox (0.61325pt too wide) detected at line 170
 [][][]\EU1/XBNiloofar(0)/m/n/10 ۱۳۷[][][]
 []


Overfull \hbox (0.61325pt too wide) detected at line 171
 [][][]\EU1/XBNiloofar(0)/m/n/10 ۱۳۸[][][]
 []

[3]
Overfull \hbox (0.61325pt too wide) detected at line 173
 [][][]\EU1/XBNiloofar(0)/m/n/10 ۱۳۹[][][]
 []


Overfull \hbox (0.61325pt too wide) detected at line 174
 [][][]\EU1/XBNiloofar(0)/m/n/10 ۱۴۰[][][]
 []


Overfull \hbox (0.61325pt too wide) detected at line 175
 [][][]\EU1/XBNiloofar(0)/m/n/10 ۱۴۱[][][]
 []


Overfull \hbox (0.61325pt too wide) detected at line 176
 [][][]\EU1/XBNiloofar(0)/m/n/10 ۱۴۲[][][]
 []


Overfull \hbox (0.61325pt too wide) detected at line 177
 [][][]\EU1/XBNiloofar(0)/m/n/10 ۱۴۳[][][]
 []


Overfull \hbox (0.61325pt too wide) detected at line 178
 [][][]\EU1/XBNiloofar(0)/m/n/10 ۱۴۳[][][]
 []


Overfull \hbox (0.61325pt too wide) detected at line 179
 [][][]\EU1/XBNiloofar(0)/m/n/10 ۱۴۴[][][]
 []


Overfull \hbox (0.61325pt too wide) detected at line 180
 [][][]\EU1/XBNiloofar(0)/m/n/10 ۱۴۵[][][]
 []


Overfull \hbox (0.61325pt too wide) detected at line 181
 [][][]\EU1/XBNiloofar(0)/m/n/10 ۱۴۵[][][]
 []


Overfull \hbox (1.24313pt too wide) detected at line 182
\EU1/XBNiloofar(0)/m/n/10 ۱۰‏.‏۱۰ 
 []


Overfull \hbox (0.61325pt too wide) detected at line 182
 [][][]\EU1/XBNiloofar(0)/m/n/10 ۱۴۵[][][]
 []


Overfull \hbox (1.24313pt too wide) detected at line 183
\EU1/XBNiloofar(0)/m/n/10 ۱۰‏.‏۱۱ 
 []


Overfull \hbox (0.61325pt too wide) detected at line 183
 [][][]\EU1/XBNiloofar(0)/m/n/10 ۱۴۶[][][]
 []


Overfull \hbox (1.24313pt too wide) detected at line 184
\EU1/XBNiloofar(0)/m/n/10 ۱۰‏.‏۱۲ 
 []


Overfull \hbox (0.61325pt too wide) detected at line 184
 [][][]\EU1/XBNiloofar(0)/m/n/10 ۱۴۷[][][]
 []


Overfull \hbox (1.24313pt too wide) detected at line 185
\EU1/XBNiloofar(0)/m/n/10 ۱۰‏.‏۱۳ 
 []


Overfull \hbox (0.61325pt too wide) detected at line 185
 [][][]\EU1/XBNiloofar(0)/m/n/10 ۱۴۸[][][]
 []


Overfull \hbox (1.24313pt too wide) detected at line 186
\EU1/XBNiloofar(0)/m/n/10 ۱۰‏.‏۱۴ 
 []


Overfull \hbox (0.61325pt too wide) detected at line 186
 [][][]\EU1/XBNiloofar(0)/m/n/10 ۱۴۹[][][]
 []


Overfull \hbox (1.24313pt too wide) detected at line 187
\EU1/XBNiloofar(0)/m/n/10 ۱۰‏.‏۱۵ 
 []


Overfull \hbox (0.61325pt too wide) detected at line 187
 [][][]\EU1/XBNiloofar(0)/m/n/10 ۱۵۰[][][]
 []


Overfull \hbox (1.24313pt too wide) detected at line 188
\EU1/XBNiloofar(0)/m/n/10 ۱۰‏.‏۱۶ 
 []


Overfull \hbox (0.61325pt too wide) detected at line 188
 [][][]\EU1/XBNiloofar(0)/m/n/10 ۱۵۱[][][]
 []


Overfull \hbox (1.24313pt too wide) detected at line 189
\EU1/XBNiloofar(0)/m/n/10 ۱۰‏.‏۱۷ 
 []


Overfull \hbox (0.61325pt too wide) detected at line 189
 [][][]\EU1/XBNiloofar(0)/m/n/10 ۱۵۲[][][]
 []


Overfull \hbox (1.24313pt too wide) detected at line 190
\EU1/XBNiloofar(0)/m/n/10 ۱۰‏.‏۱۸ 
 []


Overfull \hbox (0.61325pt too wide) detected at line 190
 [][][]\EU1/XBNiloofar(0)/m/n/10 ۱۵۳[][][]
 []


Overfull \hbox (1.24313pt too wide) detected at line 191
\EU1/XBNiloofar(0)/m/n/10 ۱۰‏.‏۱۹ 
 []


Overfull \hbox (0.61325pt too wide) detected at line 191
 [][][]\EU1/XBNiloofar(0)/m/n/10 ۱۵۴[][][]
 []


Overfull \hbox (1.24313pt too wide) detected at line 192
\EU1/XBNiloofar(0)/m/n/10 ۱۰‏.‏۲۰ 
 []


Overfull \hbox (0.61325pt too wide) detected at line 192
 [][][]\EU1/XBNiloofar(0)/m/n/10 ۱۵۴[][][]
 []


Overfull \hbox (1.24313pt too wide) detected at line 193
\EU1/XBNiloofar(0)/m/n/10 ۱۰‏.‏۲۱ 
 []


Overfull \hbox (0.61325pt too wide) detected at line 193
 [][][]\EU1/XBNiloofar(0)/m/n/10 ۱۵۵[][][]
 []


Overfull \hbox (1.24313pt too wide) detected at line 194
\EU1/XBNiloofar(0)/m/n/10 ۱۰‏.‏۲۲ 
 []


Overfull \hbox (0.61325pt too wide) detected at line 194
 [][][]\EU1/XBNiloofar(0)/m/n/10 ۱۵۶[][][]
 []


Overfull \hbox (1.24313pt too wide) detected at line 195
\EU1/XBNiloofar(0)/m/n/10 ۱۰‏.‏۲۳ 
 []


Overfull \hbox (0.61325pt too wide) detected at line 195
 [][][]\EU1/XBNiloofar(0)/m/n/10 ۱۵۷[][][]
 []


Overfull \hbox (1.24313pt too wide) detected at line 196
\EU1/XBNiloofar(0)/m/n/10 ۱۰‏.‏۲۴ 
 []


Overfull \hbox (0.61325pt too wide) detected at line 196
 [][][]\EU1/XBNiloofar(0)/m/n/10 ۱۵۸[][][]
 []


Overfull \hbox (1.24313pt too wide) detected at line 197
\EU1/XBNiloofar(0)/m/n/10 ۱۰‏.‏۲۵ 
 []


Overfull \hbox (0.61325pt too wide) detected at line 197
 [][][]\EU1/XBNiloofar(0)/m/n/10 ۱۵۹[][][]
 []


Overfull \hbox (1.24313pt too wide) detected at line 198
\EU1/XBNiloofar(0)/m/n/10 ۱۰‏.‏۲۶ 
 []


Overfull \hbox (0.61325pt too wide) detected at line 198
 [][][]\EU1/XBNiloofar(0)/m/n/10 ۱۶۰[][][]
 []


Overfull \hbox (1.24313pt too wide) detected at line 199
\EU1/XBNiloofar(0)/m/n/10 ۱۰‏.‏۲۷ 
 []


Overfull \hbox (0.61325pt too wide) detected at line 199
 [][][]\EU1/XBNiloofar(0)/m/n/10 ۱۶۰[][][]
 []


Overfull \hbox (1.24313pt too wide) detected at line 200
\EU1/XBNiloofar(0)/m/n/10 ۱۰‏.‏۲۸ 
 []


Overfull \hbox (0.61325pt too wide) detected at line 200
 [][][]\EU1/XBNiloofar(0)/m/n/10 ۱۶۱[][][]
 []


Overfull \hbox (0.61325pt too wide) detected at line 205
 [][][]\EU1/XBNiloofar(0)/m/n/10 ۱۷۳[][][]
 []


Overfull \hbox (0.61325pt too wide) detected at line 206
 [][][]\EU1/XBNiloofar(0)/m/n/10 ۱۷۴[][][]
 []


Overfull \hbox (0.61325pt too wide) detected at line 207
 [][][]\EU1/XBNiloofar(0)/m/n/10 ۱۷۵[][][]
 []


Overfull \hbox (0.61325pt too wide) detected at line 208
 [][][]\EU1/XBNiloofar(0)/m/n/10 ۱۷۵[][][]
 []


Overfull \hbox (0.61325pt too wide) detected at line 209
 [][][]\EU1/XBNiloofar(0)/m/n/10 ۱۷۶[][][]
 []


Overfull \hbox (0.61325pt too wide) detected at line 210
 [][][]\EU1/XBNiloofar(0)/m/n/10 ۱۷۷[][][]
 []


Overfull \hbox (0.61325pt too wide) detected at line 211
 [][][]\EU1/XBNiloofar(0)/m/n/10 ۱۷۷[][][]
 []

)
\tf@toc=\write4
\openout4 = `book.toc'.

 [4]
\openout2 = `docindex.aux'.

 (./docindex.tex
فصل 1.
LaTeX Font Info:    External font `cmex10' loaded for size
(Font)              <8> on input line 10.
LaTeX Font Info:    External font `cmex10' loaded for size
(Font)              <6> on input line 10.
[1



]

Package Fancyhdr Warning: \headheight is too small (12.0pt): 
 Make it at least 12.79448pt.
 We now make it that large for the rest of the document.
 This may cause the page layout to be inconsistent, however.

[2])

Package Fancyhdr Warning: \headheight is too small (12.0pt): 
 Make it at least 12.88725pt.
 We now make it that large for the rest of the document.
 This may cause the page layout to be inconsistent, however.

[3]
\openout2 = `sysdesc.aux'.

 (./sysdesc.tex)
\openout2 = `rqms.aux'.

 (./rqms.tex
فصل 2.

Underfull \hbox (badness 10000) in paragraph at lines 3--4
[][]
 []

[4





]

Package Fancyhdr Warning: \headheight is too small (12.0pt): 
 Make it at least 12.88725pt.
 We now make it that large for the rest of the document.
 This may cause the page layout to be inconsistent, however.

[5]

Package Fancyhdr Warning: \headheight is too small (12.0pt): 
 Make it at least 13.24217pt.
 We now make it that large for the rest of the document.
 This may cause the page layout to be inconsistent, however.

[6])

Package Fancyhdr Warning: \headheight is too small (12.0pt): 
 Make it at least 12.77007pt.
 We now make it that large for the rest of the document.
 This may cause the page layout to be inconsistent, however.

[7]
\openout2 = `risks.aux'.

 (./risks.tex
فصل 3.
[8



] [9] [10]
Underfull \hbox (badness 10000) in paragraph at lines 145--146
[][]
 []

[11]
File: img/risk_prioritization.png Graphic file (type QTm)
 <use  "img/risk_prioritization.png" >
Underfull \hbox (badness 10000) in paragraph at lines 153--155
[][]
 []

[12]) [13]
\openout2 = `usecase.aux'.

 (./usecase.tex
فصل 4.
[14



]

Package Fancyhdr Warning: \headheight is too small (12.0pt): 
 Make it at least 12.4721pt.
 We now make it that large for the rest of the document.
 This may cause the page layout to be inconsistent, however.

[15]
File: img/usecase/tolid.jpg Graphic file (type QTm)
 <use  "img/usecase/tolid.jpg" >
Overfull \hbox (5.22194pt too wide) in paragraph at lines 102--103
 [][][][][][] 
 []

File: img/usecase/tozi.jpg Graphic file (type QTm)
<use  "img/usecase/tozi.jpg" > [16]
File: img/usecase/report.jpg Graphic file (type QTm)
 <use  "img/usecase/report.jpg" >
Overfull \hbox (0.60307pt too wide) in paragraph at lines 116--117
 [][][][][][] 
 []

[17]
File: img/usecase/est.jpg Graphic file (type QTm)
 <use  "img/usecase/est.jpg" > [18]
File: img/usecase/user.jpg Graphic file (type QTm)
 <use  "img/usecase/user.jpg" > [19]
File: img/usecase/support.jpg Graphic file (type QTm)

<use  "img/usecase/support.jpg" > [20] [21] [22] [23] [24] [25] [26]
Overfull \vbox (39.19908pt too high) has occurred while \output is active []


[27] [28] [29] [30]
Underfull \hbox (badness 1917) in paragraph at lines 777--778
[][]\EU1/XBNiloofar(0)/m/n/10 سیستم برنامه‌ریزی نام و نا
م خانوادگی، پست شغلی در سازمان، کد پرسنلی،[]

 []

[31]
Overfull \vbox (85.4528pt too high) has occurred while \output is active []


[32] [33] [34] [35]
Overfull \vbox (66.46951pt too high) has occurred while \output is active []


[36] [37]
Overfull \vbox (34.42545pt too high) has occurred while \output is active []


[38] [39] [40] [41] [42]
Overfull \vbox (55.25279pt too high) has occurred while \output is active []


[43] [44] [45] [46] [47] [48] [49] [50] [51] [52]) [53] [54]
\openout2 = `crc.aux'.

 (./crc.tex
فصل 5.
File: img/crc/Resource.jpg Graphic file (type QTm)
<use  "img/crc/Resource.jpg" > [55



]
File: img/crc/ResourceCatalogue.jpg Graphic file (type QTm)
 <use  "img/crc/ResourceCatalogue.jpg" >
Overfull \hbox (3.61598pt too wide) in paragraph at lines 13--14
 [][][][][][] 
 []


Package Fancyhdr Warning: \headheight is too small (12.0pt): 
 Make it at least 12.88725pt.
 We now make it that large for the rest of the document.
 This may cause the page layout to be inconsistent, however.

[56]
File: img/crc/HumanResource.jpg Graphic file (type QTm)
 <use  "img/crc/HumanResource.jpg" >

Package Fancyhdr Warning: \headheight is too small (12.0pt): 
 Make it at least 13.35936pt.
 We now make it that large for the rest of the document.
 This may cause the page layout to be inconsistent, however.

[57]
File: img/crc/InformationResource.jpg Graphic file (type QTm)
 <use  "img/crc/InformationResource.jpg" >

Package Fancyhdr Warning: \headheight is too small (12.0pt): 
 Make it at least 12.88725pt.
 We now make it that large for the rest of the document.
 This may cause the page layout to be inconsistent, however.

[58]
File: img/crc/FinancialResource.jpg Graphic file (type QTm)
 <use  "img/crc/FinancialResource.jpg" >
Overfull \hbox (15.6593pt too wide) in paragraph at lines 35--36
 [][][][][][] 
 []


Package Fancyhdr Warning: \headheight is too small (12.0pt): 
 Make it at least 12.88725pt.
 We now make it that large for the rest of the document.
 This may cause the page layout to be inconsistent, however.

[59]
File: img/crc/PhysicalResource.jpg Graphic file (type QTm)
 <use  "img/crc/PhysicalResource.jpg" >

Package Fancyhdr Warning: \headheight is too small (12.0pt): 
 Make it at least 12.88725pt.
 We now make it that large for the rest of the document.
 This may cause the page layout to be inconsistent, however.

[60]
File: img/crc/Project.jpg Graphic file (type QTm)
 <use  "img/crc/Project.jpg" >

Package Fancyhdr Warning: \headheight is too small (12.0pt): 
 Make it at least 12.88725pt.
 We now make it that large for the rest of the document.
 This may cause the page layout to be inconsistent, however.

[61]
File: img/crc/ProjectCatalogue.jpg Graphic file (type QTm)
 <use  "img/crc/ProjectCatalogue.jpg" > [62]
File: img/crc/System.jpg Graphic file (type QTm)
 <use  "img/crc/System.jpg" >

Package Fancyhdr Warning: \headheight is too small (12.0pt): 
 Make it at least 12.4721pt.
 We now make it that large for the rest of the document.
 This may cause the page layout to be inconsistent, however.

[63]
File: img/crc/Module.jpg Graphic file (type QTm)
 <use  "img/crc/Module.jpg" >
Overfull \hbox (1.6068pt too wide) in paragraph at lines 73--74
 [][][][][][] 
 []


Package Fancyhdr Warning: \headheight is too small (12.0pt): 
 Make it at least 12.77007pt.
 We now make it that large for the rest of the document.
 This may cause the page layout to be inconsistent, however.

[64]
File: img/crc/ModuleModification.jpg Graphic file (type QTm)
 <use  "img/crc/ModuleModification.jpg" > [65]
File: img/crc/Unit.jpg Graphic file (type QTm)
 <use  "img/crc/Unit.jpg" >
[66]
File: img/crc/UnitCatalogue.jpg Graphic file (type QTm)
 <use  "img/crc/UnitCatalogue.jpg" > [67]
File: img/crc/Requirement.jpg Graphic file (type QTm)

<use  "img/crc/Requirement.jpg" >

Package Fancyhdr Warning: \headheight is too small (12.0pt): 
 Make it at least 12.4721pt.
 We now make it that large for the rest of the document.
 This may cause the page layout to be inconsistent, however.

[68]
File: img/crc/UnitResource.jpg Graphic file (type QTm)
 <use  "img/crc/UnitResource.jpg" > [69]
File: img/crc/AccessLevel.jpg Graphic file (type QTm)
 <use  "img/crc/AccessLevel.jpg" >

Package Fancyhdr Warning: \headheight is too small (12.0pt): 
 Make it at least 13.12163pt.
 We now make it that large for the rest of the document.
 This may cause the page layout to be inconsistent, however.

[70]
File: img/crc/HighAccess.jpg Graphic file (type QTm)
 <use  "img/crc/HighAccess.jpg" >

Package Fancyhdr Warning: \headheight is too small (12.0pt): 
 Make it at least 12.79448pt.
 We now make it that large for the rest of the document.
 This may cause the page layout to be inconsistent, however.

[71]
File: img/crc/MiddleAccess.jpg Graphic file (type QTm)
 <use  "img/crc/MiddleAccess.jpg" >

Package Fancyhdr Warning: \headheight is too small (12.0pt): 
 Make it at least 12.79448pt.
 We now make it that large for the rest of the document.
 This may cause the page layout to be inconsistent, however.

[72]
File: img/crc/LowAccess.jpg Graphic file (type QTm)
 <use  "img/crc/LowAccess.jpg" >

Package Fancyhdr Warning: \headheight is too small (12.0pt): 
 Make it at least 12.79448pt.
 We now make it that large for the rest of the document.
 This may cause the page layout to be inconsistent, however.

[73]
File: img/crc/ProjectRequirement.jpg Graphic file (type QTm)
 <use  "img/crc/ProjectRequirement.jpg" >

Package Fancyhdr Warning: \headheight is too small (12.0pt): 
 Make it at least 12.79448pt.
 We now make it that large for the rest of the document.
 This may cause the page layout to be inconsistent, however.

[74]
File: img/crc/ProjectRequirementCatalogue.jpg Graphic file (type QTm)
 <use  "img/crc/ProjectRequirementCatalogue.jpg" >)

Package Fancyhdr Warning: \headheight is too small (12.0pt): 
 Make it at least 13.12163pt.
 We now make it that large for the rest of the document.
 This may cause the page layout to be inconsistent, however.

[75]

Package Fancyhdr Warning: \headheight is too small (12.0pt): 
 Make it at least 13.59373pt.
 We now make it that large for the rest of the document.
 This may cause the page layout to be inconsistent, however.

[76]
\openout2 = `activity.aux'.

 (./activity.tex
فصل 6.
File: img/activity/AddProjectToOrganization.jpg Graphic file (type QTm)
<use  "img/activity/AddProjectToOrganization.jpg" > [77



]
File: img/activity/AddSystemToProject.jpg Graphic file (type QTm)

<use  "img/activity/AddSystemToProject.jpg" > [78]
File: img/activity/AddModuleToSystem.jpg Graphic file (type QTm)

<use  "img/activity/AddModuleToSystem.jpg" >

Package Fancyhdr Warning: \headheight is too small (12.0pt): 
 Make it at least 12.77007pt.
 We now make it that large for the rest of the document.
 This may cause the page layout to be inconsistent, however.

[79]
File: img/activity/AddResourceToUnit.jpg Graphic file (type QTm)
 <use  "img/activity/AddResourceToUnit.jpg" >

Package Fancyhdr Warning: \headheight is too small (12.0pt): 
 Make it at least 12.77007pt.
 We now make it that large for the rest of the document.
 This may cause the page layout to be inconsistent, however.

[80]
File: img/activity/AddUnitToOrganization.jpg Graphic file (type QTm)
 <use  "img/activity/AddUnitToOrganization.jpg" >
Overfull \hbox (23.88802pt too wide) in paragraph at lines 35--36
 [][][][][][] 
 []


Package Fancyhdr Warning: \headheight is too small (12.0pt): 
 Make it at least 12.88725pt.
 We now make it that large for the rest of the document.
 This may cause the page layout to be inconsistent, however.

[81]
File: img/activity/ResourceSelection.jpg Graphic file (type QTm)
 <use  "img/activity/ResourceSelection.jpg" >
Overfull \hbox (27.40111pt too wide) in paragraph at lines 43--44
 [][][][][][] 
 []

[82]
File: img/activity/AllocateResourceToProject.jpg Graphic file (type QTm)
 <use  "img/activity/AllocateResourceToProject.jpg" >

Package Fancyhdr Warning: \headheight is too small (12.0pt): 
 Make it at least 12.88725pt.
 We now make it that large for the rest of the document.
 This may cause the page layout to be inconsistent, however.

[83]
File: img/activity/SetUserAccessLevel.jpg Graphic file (type QTm)
 <use  "img/activity/SetUserAccessLevel.jpg" >

Package Fancyhdr Warning: \headheight is too small (12.0pt): 
 Make it at least 12.88725pt.
 We now make it that large for the rest of the document.
 This may cause the page layout to be inconsistent, however.

[84]
File: img/activity/SetPermissions.jpg Graphic file (type QTm)
 <use  "img/activity/SetPermissions.jpg" >
Overfull \hbox (4.21468pt too wide) in paragraph at lines 66--67
 [][][][][][] 
 []


Package Fancyhdr Warning: \headheight is too small (12.0pt): 
 Make it at least 13.26659pt.
 We now make it that large for the rest of the document.
 This may cause the page layout to be inconsistent, however.

[85]
File: img/activity/ChangeAccessLevel.jpg Graphic file (type QTm)
 <use  "img/activity/ChangeAccessLevel.jpg" >

Package Fancyhdr Warning: \headheight is too small (12.0pt): 
 Make it at least 12.79448pt.
 We now make it that large for the rest of the document.
 This may cause the page layout to be inconsistent, however.

[86]
File: img/activity/EditResourceAttributes.jpg Graphic file (type QTm)
 <use  "img/activity/EditResourceAttributes.jpg" >
Overfull \hbox (22.58206pt too wide) in paragraph at lines 82--83
 [][][][][][] 
 []


Package Fancyhdr Warning: \headheight is too small (12.0pt): 
 Make it at least 13.26659pt.
 We now make it that large for the rest of the document.
 This may cause the page layout to be inconsistent, however.

[87]
File: img/activity/Support.jpg Graphic file (type QTm)
 <use  "img/activity/Support.jpg" >

Package Fancyhdr Warning: \headheight is too small (12.0pt): 
 Make it at least 12.88725pt.
 We now make it that large for the rest of the document.
 This may cause the page layout to be inconsistent, however.

[88]
File: img/activity/AddUsersCount.jpg Graphic file (type QTm)
 <use  "img/activity/AddUsersCount.jpg" >
Overfull \hbox (10.84299pt too wide) in paragraph at lines 97--98
 [][][][][][] 
 []


Package Fancyhdr Warning: \headheight is too small (12.0pt): 
 Make it at least 12.77007pt.
 We now make it that large for the rest of the document.
 This may cause the page layout to be inconsistent, however.

[89]
File: img/activity/AddModuleModification.jpg Graphic file (type QTm)
 <use  "img/activity/AddModuleModification.jpg" >

Package Fancyhdr Warning: \headheight is too small (12.0pt): 
 Make it at least 13.2617pt.
 We now make it that large for the rest of the document.
 This may cause the page layout to be inconsistent, however.

[90]
File: img/activity/AddTechnology.jpg Graphic file (type QTm)
 <use  "img/activity/AddTechnology.jpg" >
Overfull \hbox (12.6461pt too wide) in paragraph at lines 113--114
 [][][][][][] 
 []


Package Fancyhdr Warning: \headheight is too small (12.0pt): 
 Make it at least 12.77007pt.
 We now make it that large for the rest of the document.
 This may cause the page layout to be inconsistent, however.

[91]
File: img/activity/SignUp.jpg Graphic file (type QTm)
 <use  "img/activity/SignUp.jpg" >

Package Fancyhdr Warning: \headheight is too small (12.0pt): 
 Make it at least 12.7896pt.
 We now make it that large for the rest of the document.
 This may cause the page layout to be inconsistent, however.

[92]
File: img/activity/AddRequirementToUnit.jpg Graphic file (type QTm)
 <use  "img/activity/AddRequirementToUnit.jpg" >

Package Fancyhdr Warning: \headheight is too small (12.0pt): 
 Make it at least 12.7896pt.
 We now make it that large for the rest of the document.
 This may cause the page layout to be inconsistent, however.

[93]
File: img/activity/SearchInProjects.jpg Graphic file (type QTm)
 <use  "img/activity/SearchInProjects.jpg" >
Overfull \hbox (6.02498pt too wide) in paragraph at lines 134--135
 [][][][][][] 
 []

[94]
File: img/activity/SearchForEssentialRequirements.jpg Graphic file (type QTm)
 <use  "img/activity/SearchForEssentialRequirements.jpg" >

Package Fancyhdr Warning: \headheight is too small (12.0pt): 
 Make it at least 12.88725pt.
 We now make it that large for the rest of the document.
 This may cause the page layout to be inconsistent, however.

[95]
File: img/activity/SignOut.jpg Graphic file (type QTm)
 <use  "img/activity/SignOut.jpg" >
File: img/activity/UsageFlowReport.jpg Graphic file (type QTm)

<use  "img/activity/UsageFlowReport.jpg" >
Overfull \hbox (46.37186pt too wide) in paragraph at lines 157--158
 [][][][][][] 
 []

[96]
File: img/activity/AvailableResourcesReport.jpg Graphic file (type QTm)
 <use  "img/activity/AvailableResourcesReport.jpg" >

Package Fancyhdr Warning: \headheight is too small (12.0pt): 
 Make it at least 13.35936pt.
 We now make it that large for the rest of the document.
 This may cause the page layout to be inconsistent, however.

[97]
File: img/activity/RequiredResourcesReport.jpg Graphic file (type QTm)
 <use  "img/activity/RequiredResourcesReport.jpg" >
Overfull \hbox (6.32251pt too wide) in paragraph at lines 172--173
 [][][][][][] 
 []


Package Fancyhdr Warning: \headheight is too small (12.0pt): 
 Make it at least 13.35936pt.
 We now make it that large for the rest of the document.
 This may cause the page layout to be inconsistent, however.

[98]
File: img/activity/ViewProject.jpg Graphic file (type QTm)
 <use  "img/activity/ViewProject.jpg" >
Overfull \hbox (9.03159pt too wide) in paragraph at lines 179--180
 [][][][][][] 
 []


Package Fancyhdr Warning: \headheight is too small (12.0pt): 
 Make it at least 13.35936pt.
 We now make it that large for the rest of the document.
 This may cause the page layout to be inconsistent, however.

[99]
File: img/activity/ViewListOfProjects.jpg Graphic file (type QTm)
 <use  "img/activity/ViewListOfProjects.jpg" >
Overfull \hbox (9.93494pt too wide) in paragraph at lines 187--188
 [][][][][][] 
 []

[100]
File: img/activity/ViewListOfResources.jpg Graphic file (type QTm)
 <use  "img/activity/ViewListOfResources.jpg" > [101]
File: img/activity/ViewListOfRequirements.jpg Graphic file (type QTm)

<use  "img/activity/ViewListOfRequirements.jpg" >
Overfull \hbox (6.02498pt too wide) in paragraph at lines 202--203
 [][][][][][] 
 []


Package Fancyhdr Warning: \headheight is too small (12.0pt): 
 Make it at least 12.88725pt.
 We now make it that large for the rest of the document.
 This may cause the page layout to be inconsistent, however.

[102]
File: img/activity/ViewResourceAttributes.jpg Graphic file (type QTm)
 <use  "img/activity/ViewResourceAttributes.jpg" > [103]
File: img/activity/SignIn.jpg Graphic file (type QTm)

<use  "img/activity/SignIn.jpg" >

Package Fancyhdr Warning: \headheight is too small (12.0pt): 
 Make it at least 12.88725pt.
 We now make it that large for the rest of the document.
 This may cause the page layout to be inconsistent, however.

[104]
File: img/activity/EnterResourceAttributes.jpg Graphic file (type QTm)
 <use  "img/activity/EnterResourceAttributes.jpg" >)

Package Fancyhdr Warning: \headheight is too small (12.0pt): 
 Make it at least 12.77007pt.
 We now make it that large for the rest of the document.
 This may cause the page layout to be inconsistent, however.

[105]

Package Fancyhdr Warning: \headheight is too small (12.0pt): 
 Make it at least 12.88725pt.
 We now make it that large for the rest of the document.
 This may cause the page layout to be inconsistent, however.

[106]
\openout2 = `prot.aux'.

 (./prot.tex
فصل 7.
File: img/prot/LoginForm.png Graphic file (type QTm)
<use  "img/prot/LoginForm.png" >
File: img/prot/LoginFormError.png Graphic file (type QTm)
 <use  "img/prot/LoginFormError.png" >
File: img/prot/Register.png Graphic file (type QTm)

<use  "img/prot/Register.png" > [107



]
File: img/prot/WelcomeScreen.png Graphic file (type QTm)
 <use  "img/prot/WelcomeScreen.png" >
File: img/prot/AddUnit.png Graphic file (type QTm)

<use  "img/prot/AddUnit.png" >
File: img/prot/EditAccessPermissions.png Graphic file (type QTm)
 <use  "img/prot/EditAccessPermissions.png" >
[108]
File: img/prot/SubmitNewRequirement.png Graphic file (type QTm)
 <use  "img/prot/SubmitNewRequirement.png" >
File: img/prot/AddNewHumanRequirement.png Graphic file (type QTm)

<use  "img/prot/AddNewHumanRequirement.png" > [109]
File: img/prot/AddNewPhysicalRequirement.png Graphic file (type QTm)

<use  "img/prot/AddNewPhysicalRequirement.png" >
File: img/prot/AddNewFinanceRequirement_cach.png Graphic file (type QTm)

<use  "img/prot/AddNewFinanceRequirement_cach.png" > [110]
File: img/prot/AddNewFinanceRequirement_nochach.png Graphic file (type QTm)

<use  "img/prot/AddNewFinanceRequirement_nochach.png" >
File: img/prot/AddNewInformationRequirement.png Graphic file (type QTm)

<use  "img/prot/AddNewInformationRequirement.png" >
File: img/prot/FileChooserWindow.png Graphic file (type QTm)

<use  "img/prot/FileChooserWindow.png" > [111]
File: img/prot/AddProject.png Graphic file (type QTm)

<use  "img/prot/AddProject.png" >
File: img/prot/ViewProject.png Graphic file (type QTm)
 <use  "img/prot/ViewProject.png" > [112]
File: img/prot/EditProject.png Graphic file (type QTm)

<use  "img/prot/EditProject.png" > [113]
File: img/prot/AddTechnology.png Graphic file (type QTm)
 <use  "img/prot/AddTechnology.png" >
[114]
File: img/prot/AddSystem.png Graphic file (type QTm)
 <use  "img/prot/AddSystem.png" > [115]
File: img/prot/ViewModule.png Graphic file (type QTm)
 <use  "img/prot/ViewModule.png" >
File: img/prot/EditModule.png Graphic file (type QTm)

<use  "img/prot/EditModule.png" >
File: img/prot/ViewModuleModificationHistory.png Graphic file (type QTm)

<use  "img/prot/ViewModuleModificationHistory.png" > [116]
File: img/prot/AddModuleModification.png Graphic file (type QTm)

<use  "img/prot/AddModuleModification.png" >
File: img/prot/AddHumanResource.png Graphic file (type QTm)

<use  "img/prot/AddHumanResource.png" > [117]
File: img/prot/AddInformationResource.png Graphic file (type QTm)

<use  "img/prot/AddInformationResource.png" >
File: img/prot/AddFinanceResource.png Graphic file (type QTm)

<use  "img/prot/AddFinanceResource.png" > [118]
File: img/prot/AddPhysicalResource.png Graphic file (type QTm)

<use  "img/prot/AddPhysicalResource.png" > [119]
File: img/prot/ViewHumanResources.png Graphic file (type QTm)

<use  "img/prot/ViewHumanResources.png" >
File: img/prot/AddNewHumanResource.png Graphic file (type QTm)

<use  "img/prot/AddNewHumanResource.png" >
File: img/prot/EditHumanResource.png Graphic file (type QTm)

<use  "img/prot/EditHumanResource.png" >

Package Fancyhdr Warning: \headheight is too small (12.0pt): 
 Make it at least 12.88725pt.
 We now make it that large for the rest of the document.
 This may cause the page layout to be inconsistent, however.

[120]
File: img/prot/ViewInformationResources.png Graphic file (type QTm)
 <use  "img/prot/ViewInformationResources.png" >
File: img/prot/AddNewInformationResource.png Graphic file (type QTm)

<use  "img/prot/AddNewInformationResource.png" >

Package Fancyhdr Warning: \headheight is too small (12.0pt): 
 Make it at least 12.88725pt.
 We now make it that large for the rest of the document.
 This may cause the page layout to be inconsistent, however.

[121]
File: img/prot/EditInformationResource.png Graphic file (type QTm)
 <use  "img/prot/EditInformationResource.png" >
File: img/prot/ViewPhysicalResources.png Graphic file (type QTm)

<use  "img/prot/ViewPhysicalResources.png" >
File: img/prot/AddNewPhysicalResource.png Graphic file (type QTm)

<use  "img/prot/AddNewPhysicalResource.png" >

Package Fancyhdr Warning: \headheight is too small (12.0pt): 
 Make it at least 12.88725pt.
 We now make it that large for the rest of the document.
 This may cause the page layout to be inconsistent, however.

[122]
File: img/prot/EditPhysicalResource.png Graphic file (type QTm)
 <use  "img/prot/EditPhysicalResource.png" >
File: img/prot/ViewFinanceResources.png Graphic file (type QTm)

<use  "img/prot/ViewFinanceResources.png" >

Package Fancyhdr Warning: \headheight is too small (12.0pt): 
 Make it at least 12.88725pt.
 We now make it that large for the rest of the document.
 This may cause the page layout to be inconsistent, however.

[123]
File: img/prot/AddNewFinanceResource_cach.png Graphic file (type QTm)
 <use  "img/prot/AddNewFinanceResource_cach.png" >
File: img/prot/EditFinanceResource_cach.png Graphic file (type QTm)

<use  "img/prot/EditFinanceResource_cach.png" >

Package Fancyhdr Warning: \headheight is too small (12.0pt): 
 Make it at least 12.88725pt.
 We now make it that large for the rest of the document.
 This may cause the page layout to be inconsistent, however.

[124]
File: img/prot/AddNewFinanceResource_nochach.png Graphic file (type QTm)
 <use  "img/prot/AddNewFinanceResource_nochach.png" >
File: img/prot/EditFinanceResource_nocach.png Graphic file (type QTm)

<use  "img/prot/EditFinanceResource_nocach.png" >

Package Fancyhdr Warning: \headheight is too small (12.0pt): 
 Make it at least 12.88725pt.
 We now make it that large for the rest of the document.
 This may cause the page layout to be inconsistent, however.

[125]
File: img/prot/AvailableResourcesReport.png Graphic file (type QTm)
 <use  "img/prot/AvailableResourcesReport.png" >
File: img/prot/ViewAvailableResourcesReport.png Graphic file (type QTm)

<use  "img/prot/ViewAvailableResourcesReport.png" >
File: img/prot/NeededResourceReport.png Graphic file (type QTm)

<use  "img/prot/NeededResourceReport.png" >

Package Fancyhdr Warning: \headheight is too small (12.0pt): 
 Make it at least 12.4721pt.
 We now make it that large for the rest of the document.
 This may cause the page layout to be inconsistent, however.

[126]
File: img/prot/ViewNeededProjectReport.png Graphic file (type QTm)
 <use  "img/prot/ViewNeededProjectReport.png" >
File: img/prot/FlowResourceReport.png Graphic file (type QTm)

<use  "img/prot/FlowResourceReport.png" >

Package Fancyhdr Warning: \headheight is too small (12.0pt): 
 Make it at least 12.4721pt.
 We now make it that large for the rest of the document.
 This may cause the page layout to be inconsistent, however.

[127]
File: img/prot/ViewFlowResourceReport.png Graphic file (type QTm)
 <use  "img/prot/ViewFlowResourceReport.png" >

Package Fancyhdr Warning: \headheight is too small (12.0pt): 
 Make it at least 12.4721pt.
 We now make it that large for the rest of the document.
 This may cause the page layout to be inconsistent, however.

[128]
File: img/prot/EstimateRequirements.png Graphic file (type QTm)
 <use  "img/prot/EstimateRequirements.png" >
File: img/prot/EstimateResources.png Graphic file (type QTm)

<use  "img/prot/EstimateResources.png" >) [129] [130]
\openout2 = `analys_class.aux'.

 (./analys_class.tex
فصل 8.
) [131



]
\openout2 = `package.aux'.

 (./package.tex
فصل 9.
File: img/pkg/PackageDiagram.jpg Graphic file (type QTm)
<use  "img/pkg/PackageDiagram.jpg" > [132



]
Overfull \vbox (69.56036pt too high) has occurred while \output is active []


[133]
File: img/pkg/ProjectPackage.jpg Graphic file (type QTm)
 <use  "img/pkg/ProjectPackage.jpg" >
Overfull \hbox (2.81296pt too wide) in paragraph at lines 11--12
 [][][][][][] 
 []

File: img/pkg/ResourcePackage.jpg Graphic file (type QTm)
<use  "img/pkg/ResourcePackage.jpg" >
Overfull \hbox (40.04828pt too wide) in paragraph at lines 17--18
 [][][][][][] 
 []

[134]
File: img/pkg/UnitPackage.jpg Graphic file (type QTm)
 <use  "img/pkg/UnitPackage.jpg" > [135]
File: img/pkg/ReportPackage.jpg Graphic file (type QTm)

<use  "img/pkg/ReportPackage.jpg" >
Overfull \hbox (16.464pt too wide) in paragraph at lines 29--30
 [][][][][][] 
 []

[136]
File: img/pkg/AccessPackage.jpg Graphic file (type QTm)
 <use  "img/pkg/AccessPackage.jpg" >) [137] [138]
\openout2 = `analys_seq.aux'.

 (./analys_seq.tex
فصل 10.
File: img/sequence-analysis/AddProjectToOrganization.png Graphic file (type QTm
)
<use  "img/sequence-analysis/AddProjectToOrganization.png" >
File: img/sequence-analysis/AddProjectToOrganizationC.png Graphic file (type QT
m)

<use  "img/sequence-analysis/AddProjectToOrganizationC.png" >
File: img/sequence-analysis/AddSystemToProject.png Graphic file (type QTm)

<use  "img/sequence-analysis/AddSystemToProject.png" >
File: img/sequence-analysis/AddSystemToProjectC.png Graphic file (type QTm)

<use  "img/sequence-analysis/AddSystemToProjectC.png" > [139



]
File: img/sequence-analysis/AddModuleToSystem.png Graphic file (type QTm)

<use  "img/sequence-analysis/AddModuleToSystem.png" >
File: img/sequence-analysis/AddModuleToSystemC.png Graphic file (type QTm)

<use  "img/sequence-analysis/AddModuleToSystemC.png" >
Overfull \hbox (4.45929pt too wide) in paragraph at lines 21--23
 [][][][][][] 
 []


Package Fancyhdr Warning: \headheight is too small (12.0pt): 
 Make it at least 12.77007pt.
 We now make it that large for the rest of the document.
 This may cause the page layout to be inconsistent, however.

[140]
File: img/sequence-analysis/AddResourceToUnit.png Graphic file (type QTm)
 <use  "img/sequence-analysis/AddResourceToUnit.png" >
File: img/sequence-analysis/AddResourceToUnitC.png Graphic file (type QTm)

<use  "img/sequence-analysis/AddResourceToUnitC.png" >

Package Fancyhdr Warning: \headheight is too small (12.0pt): 
 Make it at least 12.77007pt.
 We now make it that large for the rest of the document.
 This may cause the page layout to be inconsistent, however.

[141]
File: img/sequence-analysis/AddUnitToOrganization.png Graphic file (type QTm)
 <use  "img/sequence-analysis/AddUnitToOrganization.png" >
File: img/sequence-analysis/AddUnitToOrganizationC.png Graphic file (type QTm)

<use  "img/sequence-analysis/AddUnitToOrganizationC.png" >

Package Fancyhdr Warning: \headheight is too small (12.0pt): 
 Make it at least 12.88725pt.
 We now make it that large for the rest of the document.
 This may cause the page layout to be inconsistent, however.

[142]
File: img/sequence-analysis/ResourceSelection.png Graphic file (type QTm)
 <use  "img/sequence-analysis/ResourceSelection.png" >
File: img/sequence-analysis/ResourceSelectionC.png Graphic file (type QTm)

<use  "img/sequence-analysis/ResourceSelectionC.png" >
File: img/sequence-analysis/AllocateResourceToProject.png Graphic file (type QT
m)

<use  "img/sequence-analysis/AllocateResourceToProject.png" >
File: img/sequence-analysis/AllocateResourceToProjectC.png Graphic file (type Q
Tm)

<use  "img/sequence-analysis/AllocateResourceToProjectC.png" >
Overfull \hbox (34.7935pt too wide) in paragraph at lines 55--57
 [][][][][][] 
 []

[143]
File: img/sequence-analysis/SetUserAccessLevel.png Graphic file (type QTm)
 <use  "img/sequence-analysis/SetUserAccessLevel.png" >
File: img/sequence-analysis/SetUserAccessLevelC.png Graphic file (type QTm)

<use  "img/sequence-analysis/SetUserAccessLevelC.png" >

Package Fancyhdr Warning: \headheight is too small (12.0pt): 
 Make it at least 12.88725pt.
 We now make it that large for the rest of the document.
 This may cause the page layout to be inconsistent, however.

[144]
File: img/sequence-analysis/SetPermissions.png Graphic file (type QTm)
 <use  "img/sequence-analysis/SetPermissions.png" >
File: img/sequence-analysis/SetPermissionsC.png Graphic file (type QTm)

<use  "img/sequence-analysis/SetPermissionsC.png" >
File: img/sequence-analysis/ChangeAccessLevel.png Graphic file (type QTm)

<use  "img/sequence-analysis/ChangeAccessLevel.png" >
File: img/sequence-analysis/ChangeAccessLevelC.png Graphic file (type QTm)

<use  "img/sequence-analysis/ChangeAccessLevelC.png" >
File: img/sequence-analysis/EditResourceAttributes.png Graphic file (type QTm)

<use  "img/sequence-analysis/EditResourceAttributes.png" >
File: img/sequence-analysis/EditResourceAttributesC.png Graphic file (type QTm)


<use  "img/sequence-analysis/EditResourceAttributesC.png" >

Package Fancyhdr Warning: \headheight is too small (12.0pt): 
 Make it at least 13.26659pt.
 We now make it that large for the rest of the document.
 This may cause the page layout to be inconsistent, however.

[145]
File: img/sequence-analysis/AddUsersCount.png Graphic file (type QTm)
 <use  "img/sequence-analysis/AddUsersCount.png" >
File: img/sequence-analysis/AddUsersCountC.png Graphic file (type QTm)

<use  "img/sequence-analysis/AddUsersCountC.png" >

Package Fancyhdr Warning: \headheight is too small (12.0pt): 
 Make it at least 12.88725pt.
 We now make it that large for the rest of the document.
 This may cause the page layout to be inconsistent, however.

[146]
File: img/sequence-analysis/AddModuleModification.png Graphic file (type QTm)
 <use  "img/sequence-analysis/AddModuleModification.png" >
File: img/sequence-analysis/AddModuleModificationC.png Graphic file (type QTm)

<use  "img/sequence-analysis/AddModuleModificationC.png" >

Package Fancyhdr Warning: \headheight is too small (12.0pt): 
 Make it at least 13.2617pt.
 We now make it that large for the rest of the document.
 This may cause the page layout to be inconsistent, however.

[147]
File: img/sequence-analysis/AddTechnology.png Graphic file (type QTm)
 <use  "img/sequence-analysis/AddTechnology.png" >
File: img/sequence-analysis/AddTechnologyC.png Graphic file (type QTm)

<use  "img/sequence-analysis/AddTechnologyC.png" >

Package Fancyhdr Warning: \headheight is too small (12.0pt): 
 Make it at least 12.77007pt.
 We now make it that large for the rest of the document.
 This may cause the page layout to be inconsistent, however.

[148]
File: img/sequence-analysis/SignUp.png Graphic file (type QTm)
 <use  "img/sequence-analysis/SignUp.png" >
File: img/sequence-analysis/SignUpC.png Graphic file (type QTm)

<use  "img/sequence-analysis/SignUpC.png" >

Package Fancyhdr Warning: \headheight is too small (12.0pt): 
 Make it at least 12.7896pt.
 We now make it that large for the rest of the document.
 This may cause the page layout to be inconsistent, however.

[149]
File: img/sequence-analysis/AddRequirementToUnit.png Graphic file (type QTm)
 <use  "img/sequence-analysis/AddRequirementToUnit.png" >
File: img/sequence-analysis/AddRequirementToUnitC.png Graphic file (type QTm)

<use  "img/sequence-analysis/AddRequirementToUnitC.png" >

Package Fancyhdr Warning: \headheight is too small (12.0pt): 
 Make it at least 12.7896pt.
 We now make it that large for the rest of the document.
 This may cause the page layout to be inconsistent, however.

[150]
File: img/sequence-analysis/SearchInProjects.png Graphic file (type QTm)
 <use  "img/sequence-analysis/SearchInProjects.png" >
File: img/sequence-analysis/SearchInProjectsC.png Graphic file (type QTm)

<use  "img/sequence-analysis/SearchInProjectsC.png" > [151]
File: img/sequence-analysis/SearchForEssentialRequirements.png Graphic file (ty
pe QTm)

<use  "img/sequence-analysis/SearchForEssentialRequirements.png" >
File: img/sequence-analysis/SearchForEssentialRequirementsC.png Graphic file (t
ype QTm)

<use  "img/sequence-analysis/SearchForEssentialRequirementsC.png" >

Package Fancyhdr Warning: \headheight is too small (12.0pt): 
 Make it at least 12.88725pt.
 We now make it that large for the rest of the document.
 This may cause the page layout to be inconsistent, however.

[152]
File: img/sequence-analysis/SignOut.png Graphic file (type QTm)
 <use  "img/sequence-analysis/SignOut.png" >
File: img/sequence-analysis/SignOutC.png Graphic file (type QTm)

<use  "img/sequence-analysis/SignOutC.png" > [153]
File: img/sequence-analysis/UsageFlowReport.png Graphic file (type QTm)

<use  "img/sequence-analysis/UsageFlowReport.png" >
File: img/sequence-analysis/UsageFlowReportC.png Graphic file (type QTm)

<use  "img/sequence-analysis/UsageFlowReportC.png" >
File: img/sequence-analysis/AvailableResourcesReport.png Graphic file (type QTm
)

<use  "img/sequence-analysis/AvailableResourcesReport.png" >
File: img/sequence-analysis/AvailableResourcesReportC.png Graphic file (type QT
m)

<use  "img/sequence-analysis/AvailableResourcesReportC.png" >

Package Fancyhdr Warning: \headheight is too small (12.0pt): 
 Make it at least 12.79448pt.
 We now make it that large for the rest of the document.
 This may cause the page layout to be inconsistent, however.

[154]
File: img/sequence-analysis/RequiredResourcesReport.png Graphic file (type QTm)

 <use  "img/sequence-analysis/RequiredResourcesReport.png" >
File: img/sequence-analysis/RequiredResourcesReportC.png Graphic file (type QTm
)

<use  "img/sequence-analysis/RequiredResourcesReportC.png" >

Package Fancyhdr Warning: \headheight is too small (12.0pt): 
 Make it at least 13.35936pt.
 We now make it that large for the rest of the document.
 This may cause the page layout to be inconsistent, however.

[155]
File: img/sequence-analysis/ViewProject.png Graphic file (type QTm)
 <use  "img/sequence-analysis/ViewProject.png" >
File: img/sequence-analysis/ViewProjectC.png Graphic file (type QTm)

<use  "img/sequence-analysis/ViewProjectC.png" >

Package Fancyhdr Warning: \headheight is too small (12.0pt): 
 Make it at least 13.35936pt.
 We now make it that large for the rest of the document.
 This may cause the page layout to be inconsistent, however.

[156]
File: img/sequence-analysis/ViewListOfProjects.png Graphic file (type QTm)
 <use  "img/sequence-analysis/ViewListOfProjects.png" >
File: img/sequence-analysis/ViewListOfProjectsC.png Graphic file (type QTm)

<use  "img/sequence-analysis/ViewListOfProjectsC.png" > [157]
File: img/sequence-analysis/ViewListOfResources.png Graphic file (type QTm)

<use  "img/sequence-analysis/ViewListOfResources.png" >
File: img/sequence-analysis/ViewListOfResourcesC.png Graphic file (type QTm)

<use  "img/sequence-analysis/ViewListOfResourcesC.png" > [158]
File: img/sequence-analysis/ViewListOfRequirements.png Graphic file (type QTm)

<use  "img/sequence-analysis/ViewListOfRequirements.png" >
File: img/sequence-analysis/ViewListOfRequirementsC.png Graphic file (type QTm)


<use  "img/sequence-analysis/ViewListOfRequirementsC.png" >

Package Fancyhdr Warning: \headheight is too small (12.0pt): 
 Make it at least 12.88725pt.
 We now make it that large for the rest of the document.
 This may cause the page layout to be inconsistent, however.

[159]
File: img/sequence-analysis/ViewResourceAttributes.png Graphic file (type QTm)
 <use  "img/sequence-analysis/ViewResourceAttributes.png" >
File: img/sequence-analysis/ViewResourceAttributesC.png Graphic file (type QTm)


<use  "img/sequence-analysis/ViewResourceAttributesC.png" >
File: img/sequence-analysis/SignIn.png Graphic file (type QTm)

<use  "img/sequence-analysis/SignIn.png" >
File: img/sequence-analysis/SignInC.png Graphic file (type QTm)

<use  "img/sequence-analysis/SignInC.png" >) [160]

Package Fancyhdr Warning: \headheight is too small (12.0pt): 
 Make it at least 12.77007pt.
 We now make it that large for the rest of the document.
 This may cause the page layout to be inconsistent, however.

[161] [162



]
\openout2 = `changes.aux'.

 (./changes.tex
پیوست آ.

Underfull \hbox (badness 1783) in paragraph at lines 15--16
[][]|\EU1/XBNiloofar(0)/m/n/10 افزودن کارت‌های CRC ، نمودا
رهای[]
 []


Underfull \hbox (badness 10000) in paragraph at lines 16--17
[]\EU1/XBNiloofar(0)/m/n/10 بسته، نمودارهای توالی، بهنگ
ام‌سازی[]
 []

) [163


]
\openout2 = `glossary.aux'.

 (./glossary.tex
پیوست ب.

Underfull \hbox (badness 1803) in paragraph at lines 12--13
[]\EU1/XBNiloofar(0)/m/n/10 و ایجادکنندگان پروژه و همچن
ن تعداد[]
 []

[164



]
Underfull \hbox (badness 4505) in paragraph at lines 44--45
[]\EU1/XBNiloofar(0)/m/n/10 تعریف شده‌است؛ مثلاً مدیر پ
روژه یا[]
 []

[165]
Underfull \hbox (badness 1292) in paragraph at lines 99--100
[][]|\EU1/XBNiloofar(0)/m/n/10 یک ویژگی که نشان می‌دهد فر
دی حق[]
 []


Underfull \hbox (badness 1721) in paragraph at lines 131--133
[][]|\EU1/XBNiloofar(0)/m/n/10 سیستم برنامه‌ریزی برای من
ابع سازمانی،[]
 []


Underfull \hbox (badness 10000) in paragraph at lines 131--133
[][]\EU1/lmroman10-regular(0)/m/n/9 Enterprise Resource Planning[][]
 []

[166]
Underfull \hbox (badness 4001) in paragraph at lines 153--154
[][]|\EU1/XBNiloofar(0)/m/n/10 مجموعه عملیات و مراحل لازم
 برای[]
 []


Underfull \hbox (badness 7433) in paragraph at lines 153--154
[]\EU1/XBNiloofar(0)/m/n/10 چهارگانه‌ای که در سیستم برن
امه‌ریزی[]
 []


Underfull \hbox (badness 7704) in paragraph at lines 153--154
[]\EU1/XBNiloofar(0)/m/n/10 تعریف شده‌اند عبارتند از: م
ندسی[]
 []


Underfull \hbox (badness 2600) in paragraph at lines 171--172
[][]|\EU1/XBNiloofar(0)/m/n/10 در صورتی که سطح کاربری فرد 
یک[]
 []


Underfull \hbox (badness 1584) in paragraph at lines 186--187
[]\EU1/XBNiloofar(0)/m/n/10 مدیر میانی می‌تواند عملیات
 در سیستم[]
 []

[167]
Underfull \hbox (badness 5985) in paragraph at lines 216--217
[][]|\EU1/XBNiloofar(0)/m/n/10 گزارش جریان چرخشی مصرف منا
بع[]
 []


Underfull \hbox (badness 1077) in paragraph at lines 218--219
[][]|\EU1/XBNiloofar(0)/m/n/10 گزارشی است که چرخه‌ی مناب
 موجود[]
 []

[168] [169]
Underfull \hbox (badness 2970) in paragraph at lines 325--326
[]\EU1/XBNiloofar(0)/m/n/10 نام و نام خانوادگی، پست شغلی
، کد[]
 []

[170] [171]
Underfull \hbox (badness 4479) in paragraph at lines 389--390
[]\EU1/XBNiloofar(0)/m/n/10 یکی از فرایندهای جهارگانه‌
 مهندسی[]
 []

) [172]
\openout2 = `sched.aux'.

 (./sched.tex
*geometry* verbose mode - [ newgeometry ] result:
* driver: xetex
* paper: <default>
* layout: <same size as paper>
* layoutoffset:(h,v)=(0.0pt,0.0pt)
* modes: 
* h-part:(L,W,R)=(85.35826pt, 436.79155pt, 92.14519pt)
* v-part:(T,H,B)=(95.39737pt, 556.47656pt, 143.09605pt)
* \paperwidth=614.295pt
* \paperheight=794.96999pt
* \textwidth=436.79155pt
* \textheight=556.47656pt
* \oddsidemargin=13.08827pt
* \evensidemargin=13.08827pt
* \topmargin=-6.94011pt
* \headheight=12.0pt
* \headsep=18.06749pt
* \topskip=10.0pt
* \footskip=25.29494pt
* \marginparwidth=69.0pt
* \marginparsep=7.0pt
* \columnsep=10.0pt
* \skip\footins=9.0pt plus 4.0pt minus 2.0pt
* \hoffset=0.0pt
* \voffset=0.0pt
* \mag=1000
* \@twocolumnfalse
* \@twosidefalse
* \@mparswitchfalse
* \@reversemarginfalse
* (1in=72.27pt=25.4mm, 1cm=28.453pt)


پیوست ج.

Overfull \hbox (12.63603pt too wide) in paragraph at lines 22--38
[][] []
 []

[173




]

Package Fancyhdr Warning: \headheight is too small (12.0pt): 
 Make it at least 12.79448pt.
 We now make it that large for the rest of the document.
 This may cause the page layout to be inconsistent, however.

[174]
Overfull \hbox (1.7877pt too wide) in paragraph at lines 43--56
[][][] []
 []


Overfull \hbox (19.05821pt too wide) in paragraph at lines 60--69
[][][] []
 []


Package Fancyhdr Warning: \headheight is too small (12.0pt): 
 Make it at least 12.79448pt.
 We now make it that large for the rest of the document.
 This may cause the page layout to be inconsistent, however.

[175]
Overfull \hbox (15.03477pt too wide) in paragraph at lines 75--90
[][][] []
 []


Package Fancyhdr Warning: \headheight is too small (12.0pt): 
 Make it at least 12.79448pt.
 We now make it that large for the rest of the document.
 This may cause the page layout to be inconsistent, however.

[176]
Overfull \hbox (12.59337pt too wide) in paragraph at lines 95--108
[][][] []
 []


Package Fancyhdr Warning: \headheight is too small (12.0pt): 
 Make it at least 12.79448pt.
 We now make it that large for the rest of the document.
 This may cause the page layout to be inconsistent, however.

[177])
Package atveryend Info: Empty hook `BeforeClearDocument' on input line 88.
Package atveryend Info: Empty hook `AfterLastShipout' on input line 88.
 (./book.aux (./front_page.aux) (./docindex.aux) (./sysdesc.aux)
(./rqms.aux) (./risks.aux) (./usecase.aux) (./crc.aux) (./activity.aux)
(./prot.aux) (./analys_class.aux) (./package.aux) (./analys_seq.aux)
(./changes.aux) (./glossary.aux) (./sched.aux))
Package atveryend Info: Empty hook `AtVeryEndDocument' on input line 88.
Package atveryend Info: Empty hook `AtEndAfterFileList' on input line 88.
Package atveryend Info: Empty hook `AtVeryVeryEnd' on input line 88.
 )
(\end occurred inside a group at level 1)

### simple group (level 1) entered at line 49 ({)
### bottom level 
Here is how much of TeX's memory you used:
 22125 strings out of 494522
 372555 string characters out of 3140542
 503976 words of memory out of 3000000
 24764 multiletter control sequences out of 15000+200000
 5823 words of font info for 65 fonts, out of 3000000 for 9000
 670 hyphenation exceptions out of 8191
 45i,14n,75p,920b,933s stack positions out of 5000i,500n,10000p,200000b,50000s

Output written on book.pdf (182 pages).
